time, local_time, values[0], values[1], values[2], values[3], values[4], values[5]
1516610219088359117, 0.0105910301208, -0.000249196455818, 1.94181536072e-05, 8.86875892782e-07, 1.81865072598e-08, -1.0638739293e-09, 3.11071699988e-08
1516610219092911005, 0.0151700973511, -0.00024090674199, 1.8772419655e-05, 7.74828650333e-07, 1.78701266577e-08, -1.04546500249e-09, 3.05682131876e-08
1516610219100033044, 0.0222780704498, -0.000232891603274, 1.81476209963e-05, 6.74942492083e-07, 1.75604393649e-08, -1.02739586206e-09, 3.00404735824e-08
1516610219107378959, 0.0296130180359, -0.000225225827792, 1.75500571606e-05, 5.8808126319e-07, 1.72610149136e-08, -1.00991117702e-09, 2.95300467349e-08
1516610219116688013, 0.03892993927, -0.000217851186212, 1.69752108427e-05, 0.000109104541886, 1.6961522812e-08, -9.92420594325e-10, 2.90190605323e-08
1516610219125731945, 0.0480010509491, -0.00020980367609, 1.63485631269e-05, 0.000970083440686, 1.65761101974e-08, -9.69638383475e-10, 2.83540270694e-08
1516610219134041070, 0.05628490448, -0.000198678136947, 1.5483301125e-05, 0.00406189832217, 1.58937736844e-08, -9.28876468798e-10, 2.71655200129e-08
1516610219139322042, 0.0615539550781, -0.000174022060455, 1.41973485122e-05, 0.0107575078258, 1.9312418829e-08, -8.58469635656e-10, 2.67084778284e-08
1516610219147659063, 0.069904088974, -0.000151155141157, 1.23317826069e-05, 0.0093439452998, 1.67747203212e-08, -7.4568191552e-10, 2.31989192942e-08
1516610219157449007, 0.0797019004822, -0.000106326363661, 1.07671797269e-05, 0.0330179256339, 2.93007795158e-08, -6.57386922676e-10, 2.54950373793e-08
1516610219164804935, 0.0870530605316, -7.48382121515e-06, 9.1186827288e-06, 0.0425105735333, 7.17960440485e-08, -5.64138347148e-10, 3.80903889932e-08
1516610219171634912, 0.0938670635223, 0.000101807222321, 7.69806132029e-06, 0.0502460653505, 1.22224866293e-07, -4.86715778791e-10, 5.37272734541e-08
1516610219179492950, 0.101722955704, 0.000231006746241, 6.44501579075e-06, 0.0566949293896, 1.85505257082e-07, -4.21447488019e-10, 7.39762692338e-08
1516610219190215110, 0.112449884415, 0.000271950286198, 5.30830304331e-06, 0.0623921387138, 1.99438600574e-07, -3.59050622567e-10, 7.73480520818e-08
1516610219195503950, 0.117737054825, 0.000543703593081, 4.22951709258e-06, 0.0673665262097, 3.46012349078e-07, -3.12785936041e-10, 1.26143665234e-07
1516610219204248905, 0.126482963562, 0.000867495497259, 3.24345883937e-06, 0.0716628664256, 5.24034248528e-07, -2.75162420627e-10, 1.84993861236e-07
1516610219212909936, 0.135153055191, 0.000753504492438, 2.81726050941e-06, 0.0622461925895, 4.55174881837e-07, -2.39018554948e-10, 1.60685220794e-07
1516610219221983909, 0.144219875336, 0.000932823599879, 1.59422091651e-06, 0.0804573010056, 5.48562120149e-07, -1.89287474583e-10, 1.91357252723e-07
1516610219229460000, 0.151696920395, 0.00125933239242, 8.87408425163e-07, 0.0829760206363, 7.32465181445e-07, -1.68208280638e-10, 2.51558682626e-07
1516610219236406087, 0.158645868301, 0.00143148015217, 2.71902701694e-07, 0.085207744709, 8.28821227446e-07, -1.44167788818e-10, 2.82372004605e-07
1516610219244043111, 0.166275024414, 0.00159487520448, -2.77023052007e-07, 0.0871393423874, 9.21664687144e-07, -1.23455301537e-10, 3.11816216701e-07
1516610219252641916, 0.174880027771, 0.00174647949335, -7.65112836695e-07, 0.0888098590028, 1.00933894437e-06, -1.05546238416e-10, 3.39356808204e-07
1516610219261004924, 0.183237075806, 0.00188780186273, -1.19855288965e-06, 0.0902558241461, 1.09271171305e-06, -9.01174690426e-11, 3.65316191157e-07
1516610219267518043, 0.189755916595, 0.00202259012908, -1.5820757741e-06, 0.0915071320867, 1.17386406018e-06, -7.70696284569e-11, 3.90407879567e-07
1516610219275784969, 0.19801902771, 0.00214940561501, -1.9191157132e-06, 0.0925894848947, 1.25197085358e-06, -6.60902443883e-11, 4.14363280702e-07
1516610219285936117, 0.208178043365, 0.00226236216602, -2.21300054631e-06, 0.0935265569126, 1.32375457277e-06, -5.66560132143e-11, 4.36118571735e-07
1516610219292823076, 0.215065956116, 0.00235868734093, -2.46730148933e-06, 0.0943388025836, 1.38768115648e-06, -4.8418324905e-11, 4.55213146658e-07
1516610219300045013, 0.222284078598, 0.00244084275742, -2.68550378036e-06, 0.0950426946631, 1.44509302964e-06, -4.13056255866e-11, 4.72132188892e-07
1516610219309659004, 0.231891870499, 0.00226495377888, -2.83680596841e-06, 0.0957404779577, 1.34719764038e-06, -2.37715402918e-11, 4.399774422e-07
1516610219316204071, 0.23844909668, 0.0025738132495, -3.02615150001e-06, 0.0961791585499, 1.5463120927e-06, -3.03101432841e-11, 5.01480812175e-07
1516610219324445962, 0.24668598175, 0.00262560355238, -3.15430125387e-06, 0.0966352979835, 1.59052071441e-06, -2.61495269882e-11, 5.14074891484e-07
1516610219331150054, 0.253380060196, 0.0026679815285, -3.25794506163e-06, 0.0970300144243, 1.63059293964e-06, -2.27298180278e-11, 5.25350269633e-07
1516610219340584039, 0.262818098068, 0.00270331043034, -3.34007282509e-06, 0.0973710564807, 1.66780007392e-06, -2.00152672214e-11, 5.3573449249e-07
1516610219348052978, 0.270317077637, 0.00273498674983, -3.40383498524e-06, 0.097664740251, 1.7039840179e-06, -1.80532810923e-11, 5.45824548701e-07
1516610219356595993, 0.278837919235, 0.00276335140235, -3.45111861912e-06, 0.0979173066716, 1.73919540346e-06, -1.67482139268e-11, 5.55623105258e-07
1516610219363666057, 0.2858979702, 0.00278351372643, -3.48171234656e-06, 0.098135728056, 1.77047187909e-06, -1.58121293836e-11, 5.64172580242e-07
1516610219371634006, 0.29388999939, 0.00279046097364, -3.49521367461e-06, 0.0983263393867, 1.79483053633e-06, -1.49652512604e-11, 5.70543167846e-07
1516610219380089044, 0.302321910858, 0.00278513801037, -3.49334028602e-06, 0.098493105602, 1.81275485688e-06, -1.41798794928e-11, 5.74929828738e-07
1516610219388331890, 0.310566902161, 0.00277283571128, -3.4793394945e-06, 0.0986381278768, 1.82720935199e-06, -1.36218814006e-11, 5.78296592932e-07
1516610219395750999, 0.31799197197, 0.00275745212944, -3.45582557189e-06, 0.0987634117766, 1.84032442214e-06, -1.33792976698e-11, 5.81314846457e-07
1516610219403753995, 0.325988054276, 0.00273956610389, -3.42405665206e-06, 0.0988715331188, 1.852321293e-06, -1.3409495736e-11, 5.84045805937e-07
1516610219413155078, 0.335390090942, 0.00271854282513, -3.3847400434e-06, 0.0989650824195, 1.8627414732e-06, -1.36643474313e-11, 5.86343682776e-07
1516610219420173883, 0.342408895493, 0.00269439095992, -3.3387434733e-06, 0.0990461527924, 1.87150420194e-06, -1.40764067069e-11, 5.88184599274e-07
1516610219428081035, 0.350315093994, 0.00266774785244, -3.28709563582e-06, 0.0991163785709, 1.8788866112e-06, -1.46515022337e-11, 5.89653442502e-07
1516610219435575962, 0.357810020447, 0.00263922223236, -3.23074247574e-06, 0.0991771672836, 1.88514829781e-06, -1.53638768374e-11, 5.90826183999e-07
1516610219445518970, 0.367758989334, 0.00234012320832, -3.1305623136e-06, 0.0993269569825, 1.70421229936e-06, -2.22988294496e-12, 5.34464708774e-07
1516610219452248096, 0.374481916428, 0.00257787963179, -3.10696862124e-06, 0.0992753877965, 1.89476534734e-06, -1.71410108329e-11, 5.92404648228e-07
1516610219460150003, 0.382384061813, 0.00254562164779, -3.04087966239e-06, 0.0993149022881, 1.89830531903e-06, -1.81738513128e-11, 5.92859130363e-07
1516610219467710018, 0.389946937561, 0.00251303501724, -2.97292498257e-06, 0.0993490551841, 1.90138573436e-06, -1.9296064746e-11, 5.93207492263e-07
1516610219476731061, 0.398979902267, 0.00248202374651, -2.9042670222e-06, 0.0993780507076, 1.90526340583e-06, -2.05838124323e-11, 5.93845012892e-07
1516610219483961105, 0.406195878983, 0.00245535998142, -2.83635621809e-06, 0.0994017073283, 1.91179947011e-06, -2.21508367204e-11, 5.9534716285e-07
1516610219491789102, 0.414022922516, 0.00243290852981, -2.76948207168e-06, 0.0994206310011, 1.92079623328e-06, -2.39600561613e-11, 5.97618856028e-07
1516610219499653100, 0.421901941299, 0.002409404015, -2.70192511304e-06, 0.099436951033, 1.92848069688e-06, -2.57477372756e-11, 5.99444829073e-07
1516610219510766029, 0.433022975922, 0.00237942429057, -2.63187676843e-06, 0.0994528278941, 1.93104288752e-06, -2.72537548085e-11, 5.99641652142e-07
1516610219515892982, 0.438129901886, 0.00234343078531, -2.55976264714e-06, 0.0994685578397, 1.92883444917e-06, -2.84829382302e-11, 5.98358797525e-07
1516610219525465965, 0.447701931, 0.0023062074458, -2.48763815299e-06, 0.0994830067202, 1.92520196509e-06, -2.96608848593e-11, 5.96662040442e-07
1516610219531963109, 0.454204082489, 0.00227117432696, -2.41700247451e-06, 0.0994953813326, 1.9225006265e-06, -3.09363645812e-11, 5.95275493402e-07
1516610219541896104, 0.464150905609, 0.00223846839997, -2.34806683627e-06, 0.0995058697003, 1.92079676289e-06, -3.23154281112e-11, 5.94204278202e-07
1516610219548099040, 0.470331907272, 0.00220703197544, -2.28056270104e-06, 0.0995150128446, 1.91934714217e-06, -3.37218031277e-11, 5.93212395634e-07
1516610219555490970, 0.477732896805, 0.00217646023021, -2.21445337531e-06, 0.099523124336, 1.91787357371e-06, -3.51456086456e-11, 5.92212973225e-07
1516610219563543081, 0.485775947571, 0.00214698937629, -2.14992933638e-06, 0.0995302901562, 1.91654009266e-06, -3.65803498603e-11, 5.9125273687e-07
1516610219571799039, 0.494035005569, 0.00211884525197, -2.08715889656e-06, 0.0995365771405, 1.91550090456e-06, -3.80431797176e-11, 5.90372292709e-07
1516610219581252098, 0.503486871719, 0.00181818505354, -1.9812405775e-06, 0.0996393391438, 1.69513681718e-06, -2.31967778319e-11, 5.22819011786e-07
1516610219588160991, 0.510396957397, 0.00206647053849, -1.96710249979e-06, 0.0995469963444, 1.91427456064e-06, -4.10218525815e-11, 5.88817404628e-07
1516610219595473051, 0.517704963684, 0.00204214414654, -1.90987253113e-06, 0.09955134523, 1.91404560472e-06, -4.25390278558e-11, 5.8812181674e-07
1516610219603959083, 0.526211023331, 0.00174496912116, -1.80871448513e-06, 0.0996522004501, 1.68826139682e-06, -2.73011613316e-11, 5.19054375697e-07
