time, local_time, values[0], values[1], values[2], values[3], values[4], values[5], values[6], values[7], values[8], values[9], values[10], values[11], values[12]
1516610674786994934, 0.0097119808197, 0.1, -9.80695185696e-18, -4.05280984312e-20, -1.22586898098e-16, 2.92338441377e-20, -9.16271915187e-17, 4.98807365307e-20, 2.70269305489e-05, 0.179899102439, 0.139186487918, 2.65902687999e-05, -0.319085590811, -1.63266340311e-05
1516610674789558887, 0.01229596138, 0.1, 5.44919905895e-06, -4.22946917011e-07, -1.66257043253e-08, -2.52574485968e-10, 1.43809159368e-11, -4.17693933716e-10, 2.5679630427e-05, 0.179884766145, 0.139197187316, 2.65901161624e-05, -0.319081953786, -1.76739442096e-05
1516610674797610998, 0.0203320980072, 0.1, 1.07180081745e-05, -8.31887746556e-07, -3.11070669332e-08, -5.00785020721e-10, 2.85144184234e-11, -8.28195978915e-10, 2.43769748803e-05, 0.179870903977, 0.139207532879, 2.65899728217e-05, -0.319078437056, -1.89766179793e-05
1516610674806173086, 0.0288999080658, 0.1, 1.5811377781e-05, -1.22720687737e-06, -4.37232984284e-08, -7.44694672106e-10, 4.24034652527e-11, -1.23160742136e-09, 2.311773654e-05, 0.179857502993, 0.139217534272, 2.65898384807e-05, -0.319075037345, -2.023588238e-05
1516610674813452005, 0.0361700057983, 0.1, 2.07273067244e-05, -1.60875147323e-06, -5.54526716144e-06, -9.83940089171e-10, 5.60277017741e-11, -1.62730781355e-09, 2.19023995585e-05, 0.179846538766, 0.139226183274, 2.65902428213e-05, -0.319072722003, -2.14517845204e-05
1516610674822772979, 0.0455219745636, 0.1, 2.54196156738e-05, -1.97305850423e-06, -5.16274594911e-05, -1.21618843619e-09, 6.92214519078e-11, -2.01068870297e-09, 2.07419917208e-05, 0.179850725416, 0.139226970748, 2.65945740971e-05, -0.319077696015, -2.26166950147e-05
1516610674829497098, 0.0522119998932, 0.1, 2.97304899675e-05, -2.30990455338e-06, -0.000230613607971, -1.44282330935e-09, 8.15351169813e-11, -2.37189592056e-09, 1.96690628247e-05, 0.179903612468, 0.139202696748, 2.66117645808e-05, -0.319106308963, -2.37070219827e-05
1516610674837249040, 0.0599660873413, 0.1, 3.33134050124e-05, -2.60523494057e-06, -0.000664115967002, -1.71198391803e-09, 9.23739827195e-11, -2.7139803123e-09, 1.87282995169e-05, 0.180049783868, 0.139130406738, 2.66536843237e-05, -0.319180190261, -2.46899761987e-05
1516610674845191001, 0.0679149627686, 0.1, 3.5590993069e-05, -2.85136986236e-06, -0.00141591761247, -2.18784406139e-09, 1.01427600168e-10, -3.087094843e-09, 1.79439338885e-05, 0.180313755254, 0.138997198043, 2.67268734315e-05, -0.319310952874, -2.55478607481e-05
1516610674857033967, 0.0797960758209, 0.1, 3.59075923249e-05, -3.05259020838e-06, -0.00244759725617, -3.12643212359e-09, 1.08901860831e-10, -3.58487934025e-09, 1.73019880346e-05, 0.180683672596, 0.138808627294, 2.68282078413e-05, -0.3194922994, -2.62914830348e-05
1516610674862241983, 0.0849649906158, 0.1, 3.3771046713e-05, -3.21900402916e-06, -0.00367317556266, -4.75766087482e-09, 1.1523732877e-10, -4.29657704467e-09, 1.67699603471e-05, 0.181130249785, 0.138579239952, 2.69499307626e-05, -0.319709489191, -2.69455314731e-05
1516610674869370937, 0.0920910835266, 0.1, 2.88108767371e-05, -3.35769759867e-06, -0.00503355949727, -7.25355769812e-09, 1.20743506558e-10, -5.28733673832e-09, 1.63250458312e-05, 0.181633575499, 0.138318889273, 2.70867843116e-05, -0.319952464178, -2.75275120295e-05
1516610674877335071, 0.100060939789, 0.1, 2.06042480245e-05, -3.47092769555e-06, -0.00651022855684, -1.07810957694e-08, 1.25523912971e-10, -6.61508470664e-09, 1.59598237927e-05, 0.182188526978, 0.138029850988, 2.72374618505e-05, -0.32021837733, -2.8043509342e-05
1516610674885761022, 0.108498096466, 0.1, 8.72094581414e-06, -3.55949868786e-06, -0.00809675734364, -1.55050385704e-08, 1.29620560647e-10, -8.33473649084e-09, 1.56715012653e-05, 0.182794455269, 0.137712105521, 2.74018735399e-05, -0.320506560118, -2.84962004875e-05
1516610674895328998, 0.118057012558, 0.1, 8.72094581414e-06, -3.55949868786e-06, -0.00809675734364, -1.55050385704e-08, 1.29620560647e-10, -8.33473649084e-09, 1.5671434969e-05, 0.182794455269, 0.137712105521, 2.74018735292e-05, -0.320506560118, -2.84962667772e-05
1516610674909452915, 0.132170915604, 0.1, -5.09296572027e-05, -3.69758726685e-06, -0.0133672218159, -3.77823443119e-08, 1.38644199508e-10, -1.61452820269e-08, 1.52021706087e-05, 0.184876239962, 0.136606006186, 2.79675795538e-05, -0.321482245405, -2.95300767074e-05
1516610674917737007, 0.140470027924, 0.1, -7.86126943209e-05, -3.70822374045e-06, -0.0152451492059, -4.79399795057e-08, 1.40821432422e-10, -1.96353416421e-08, 1.51542709179e-05, 0.185642298701, 0.136194353405, 2.81766394314e-05, -0.321836651349, -2.97862825695e-05
1516610674927350997, 0.150141954422, 0.1, -0.000109792151027, -3.70375951029e-06, -0.0171657687815, -5.93765145706e-08, 1.42664616477e-10, -2.35345325548e-08, 1.51530204908e-05, 0.186438217915, 0.135764544526, 2.83946470366e-05, -0.322202761674, -3.00046082489e-05
1516610674934534072, 0.157258987427, 0.1, -0.000144278719882, -3.68566717926e-06, -0.0191196436224, -7.20629689817e-08, 1.44217878896e-10, -2.78306554034e-08, 1.51934703975e-05, 0.187260903637, 0.135318226506, 2.86209660985e-05, -0.32257912937, -3.01893662505e-05
1516610674942033052, 0.164803028107, 0.1, -0.000182088551385, -3.655518379e-06, -0.0210978724038, -8.60459409146e-08, 1.45533808632e-10, -3.25371200864e-08, 1.52705686386e-05, 0.18810799185, 0.134856548634, 2.88550914931e-05, -0.322964539707, -3.03450921964e-05
1516610674949676990, 0.172418117523, 0.1, -0.000223281886457, -3.61480088641e-06, -0.023092546886, -1.01389773771e-07, 1.466592729e-10, -3.76728997712e-08, 1.53795063159e-05, 0.188977584359, 0.134380397941, 2.909662611e-05, -0.323357981521, -3.04761840231e-05
1516610674957499027, 0.180279016495, 0.1, -0.000267567765731, -3.56478736264e-06, -0.0250967924724, -1.1803621477e-07, 1.47626415127e-10, -4.32156945286e-08, 1.55163261081e-05, 0.189867220905, 0.133891177046, 2.93451138813e-05, -0.323758397173, -3.05861475308e-05
1516610674965779066, 0.188504934311, 0.1, -0.000314166378682, -3.5065588923e-06, -0.0271045611335, -1.35754589788e-07, 1.48443514522e-10, -4.9086503317e-08, 1.56779204037e-05, 0.190773436671, 0.13339112147, 2.95999564774e-05, -0.324164557368, -3.06775229142e-05
1516610674974067926, 0.196794986725, 0.1, -0.000362229501106, -3.44111966311e-06, -0.0291103866622, -1.54289002795e-07, 1.49114977416e-10, -5.51995148695e-08, 1.58614708379e-05, 0.191692769927, 0.132882517298, 2.98605674117e-05, -0.324575286456, -3.07525776828e-05
1516610674982582092, 0.205338001251, 0.1, -0.000411305996074, -3.36947081136e-06, -0.0311092342015, -1.73522513954e-07, 1.49658361229e-10, -6.15160242065e-08, 1.60639854541e-05, 0.192622921483, 0.13236680795, 3.01265574116e-05, -0.324989728673, -3.08139299325e-05
1516610674989562988, 0.212291955948, 0.1, -0.000461291190251, -3.29258692498e-06, -0.0330964995783, -1.93459592826e-07, 1.5009434332e-10, -6.80375135064e-08, 1.62823879108e-05, 0.193562615984, 0.131844694315, 3.03977129535e-05, -0.325407309546, -3.08644398058e-05
1516610674997381925, 0.220103025436, 0.1, -0.000512083273999, -3.2113609293e-06, -0.0350680630124, -2.1410435421e-07, 1.50449337934e-10, -7.47652016457e-08, 1.65138558716e-05, 0.194510717574, 0.131316806655, 3.06738528361e-05, -0.325827523486, -3.09067459837e-05
1516610675005505084, 0.228222131729, 0.1, -0.00056343240183, -3.12658929229e-06, -0.0370202816842, -2.35406306152e-07, 1.50733426686e-10, -8.16825979343e-08, 1.67559465518e-05, 0.195465830287, 0.130784006632, 3.09547612239e-05, -0.326249836185, -3.09430816296e-05
1516610675014014959, 0.236730098724, 0.1, -0.000615029722509, -3.03899218881e-06, -0.0389499259295, -2.57291202176e-07, 1.50958931947e-10, -8.87658352264e-08, 1.70064939198e-05, 0.196426506716, 0.13024722341, 3.1240219146e-05, -0.326673729402, -3.09754041009e-05
1516610675021511077, 0.244226932526, 0.1, -0.000666608610704, -2.94923114563e-06, -0.0408541216799, -2.79696585986e-07, 1.5113465773e-10, -9.59951381064e-08, 1.72635028538e-05, 0.197391490824, 0.129707263579, 3.15300424424e-05, -0.327098753692, -3.10055332297e-05
1516610675029042959, 0.251760959625, 0.1, -0.000717953553694, -2.85791191001e-06, -0.0427303212496, -3.02574666314e-07, 1.51271260141e-10, -1.03355578405e-07, 1.75251335862e-05, 0.198359729892, 0.129164798663, 3.18240827371e-05, -0.327524527854, -3.10351673166e-05
1516610675047338008, 0.270054101944, 0.1, -0.0008191707715, -2.67273569839e-06, -0.0463900611776, -3.49571487667e-07, 1.51456644658e-10, -1.18414939175e-07, 1.805764357e-05, 0.200302308633, 0.128074708932, 3.2424318824e-05, -0.328377016888, -3.10970985547e-05
1516610675053474903, 0.276192903519, 0.1, -0.000868685243611, -2.57981162128e-06, -0.0481699589985, -3.73602077688e-07, 1.5151789658e-10, -1.26086833624e-07, 1.83219779974e-05, 0.201275019647, 0.127528142975, 3.27303019334e-05, -0.328803161956, -3.11357421543e-05
1516610675061427116, 0.284143924713, 0.1, -0.000917262459456, -2.48720329285e-06, -0.049914529635, -3.97933726878e-07, 1.5156609041e-10, -1.33837299522e-07, 1.85871351682e-05, 0.202247745447, 0.126981172276, 3.30400803417e-05, -0.329228917069, -3.1177295388e-05
1516610675069439888, 0.292159080505, 0.1, -0.000964787264879, -2.39525240254e-06, -0.0516225426422, -4.22537368394e-07, 1.51606442272e-10, -1.41657852824e-07, 1.88502148813e-05, 0.203219936639, 0.126434151057, 3.33535931994e-05, -0.329654087052, -3.12246030327e-05
1516610675077991962, 0.300755023956, 0.1, -0.00101122918262, -2.30423131521e-06, -0.0532929573462, -4.47415419282e-07, 1.51643061591e-10, -1.49550112793e-07, 1.91103608583e-05, 0.204191288749, 0.125887252832, 3.36708250294e-05, -0.330078540947, -3.12785063707e-05
1516610675085817098, 0.308542966843, 0.1, -0.00105664816092, -2.21434330531e-06, -0.0549249061549, -4.72605207159e-07, 1.51686648922e-10, -1.57526615032e-07, 1.93668899029e-05, 0.205161751947, 0.125340461132, 3.39918082468e-05, -0.330502212457, -3.13397159395e-05
1516610675093852996, 0.316581964493, 0.1, -0.00110103710563, -2.12578894031e-06, -0.0565177173072, -4.98112645844e-07, 1.51740143664e-10, -1.65589414823e-07, 1.96191600573e-05, 0.206131132309, 0.124793877091, 3.43165465656e-05, -0.330925008788, -3.14088773065e-05
1516610675101373910, 0.324100971222, 0.1, -0.00114416253414, -2.03883263747e-06, -0.0580709365795, -5.23842965057e-07, 1.51802688455e-10, -1.7370850074e-07, 1.98664471354e-05, 0.207098690099, 0.124248030655, 3.46449353718e-05, -0.33134672015, -3.14866262977e-05
1516610675109613895, 0.332348108292, 0.1, -0.00118569058482, -1.95375377839e-06, -0.0595842819922, -5.49652665146e-07, 1.51869316276e-10, -1.81839065017e-07, 2.01080441742e-05, 0.208063453963, 0.123703637208, 3.49768205171e-05, -0.331767090576, -3.15735403298e-05
1516610675117727041, 0.340456962585, 0.1, -0.00122545777682, -1.87073980815e-06, -0.061057568639, -5.75466266681e-07, 1.51937643243e-10, -1.89958428536e-07, 2.03434582412e-05, 0.209024896546, 0.123161072587, 3.5312130793e-05, -0.332185968545, -3.16700551145e-05
1516610675134314060, 0.357046127319, 0.1, -0.00129996024439, -1.71119001595e-06, -0.0638836436441, -6.27180066496e-07, 1.52096519149e-10, -2.06191100762e-07, 2.07976053084e-05, 0.210938040869, 0.122081138362, 3.5993194562e-05, -0.333019178657, -3.18901814841e-05
1516610675142075061, 0.364798069, 0.1, -0.00133481817757, -1.63475190429e-06, -0.0652365536719, -6.53111955256e-07, 1.52194336396e-10, -2.14315727078e-07, 2.10102861859e-05, 0.211889875148, 0.121543612185, 3.63390341379e-05, -0.333433486764, -3.20199296972e-05
1516610675149656057, 0.372386932373, 0.1, -0.0013680742824, -1.56061193664e-06, -0.0665496465336, -6.79073004134e-07, 1.52307323625e-10, -2.22440241966e-07, 2.12188454717e-05, 0.212838434912, 0.12100777084, 3.66884294096e-05, -0.333846205188, -3.21573503283e-05
1516610675158055067, 0.380793094635, 0.1, -0.00139974196929, -1.48880041966e-06, -0.0678232302609, -7.05054180587e-07, 1.52433086004e-10, -2.30562537032e-07, 2.14203478294e-05, 0.213783688723, 0.120473616286, 3.70414036185e-05, -0.334257304448, -3.23054053141e-05
1516610675165843009, 0.388569116592, 0.1, -0.0014299205804, -1.41930190797e-06, -0.0690576738449, -7.31088379153e-07, 1.52577100725e-10, -2.38693628901e-07, 2.16148013181e-05, 0.214725826366, 0.11994097938, 3.739803101e-05, -0.334666805189, -3.24641571104e-05
1516610675175518989, 0.39825296402, 0.1, -0.00145878455476, -1.35206124365e-06, -0.0702534027056, -7.57247592252e-07, 1.52745869628e-10, -2.46856495562e-07, 2.18022932291e-05, 0.215665230364, 0.119409541508, 3.77584328006e-05, -0.335074771318, -3.26336292976e-05
1516610675181884050, 0.404613018036, 0.1, -0.00148643358384, -1.28704238392e-06, -0.0714109218925, -7.83564378055e-07, 1.52941690744e-10, -2.55061041014e-07, 2.19828872459e-05, 0.216602101198, 0.118879126243, 3.81226877465e-05, -0.335481226888, -3.28138327506e-05
1516610675189393997, 0.412137985229, 0.1, -0.00151275446968, -1.22428201105e-06, -0.0725308345937, -8.09955395379e-07, 1.53160135561e-10, -2.632804973e-07, 2.21565422704e-05, 0.21753611301, 0.118349967934, 3.84907453184e-05, -0.335886080392, -3.30047727774e-05
1516610675197374105, 0.420102119446, 0.1, -0.00153753817345, -1.16384537493e-06, -0.0736138095963, -8.36281414164e-07, 1.53394066458e-10, -2.71471196042e-07, 2.23231977516e-05, 0.218466705845, 0.117822484322, 3.88624938829e-05, -0.336289189616, -3.32064224935e-05
1516610675205843925, 0.428573131561, 0.1, -0.00156071993553, -1.10573572578e-06, -0.0746605282614, -8.62478181389e-07, 1.5363958867e-10, -2.79613641052e-07, 2.2482917261e-05, 0.21939368318, 0.117296810428, 3.9237909013e-05, -0.336690493056, -3.34187059662e-05
1516610675221892118, 0.444618940353, 0.1, -0.00160277517993, -9.96196009977e-07, -0.0766479576929, -9.14640191989e-07, 1.54175791668e-10, -2.95804317923e-07, 2.27857717629e-05, 0.221237900955, 0.116249953384, 4.00001193721e-05, -0.337487853785, -3.38713102698e-05
1516610675229310035, 0.452032089233, 0.1, -0.00162187358413, -9.44614235295e-07, -0.0775901300548, -9.40672957765e-07, 1.5447233017e-10, -3.0387375969e-07, 2.29223826172e-05, 0.222155640813, 0.11572834367, 4.03870952682e-05, -0.337883983925, -3.41183271568e-05
1516610675237792015, 0.460511922836, 0.1, -0.00163974581071, -8.95085129394e-07, -0.0784989722505, -9.66669345834e-07, 1.54787260937e-10, -3.11924719084e-07, 2.3056236896e-05, 0.223070579572, 0.115207834553, 4.07780542824e-05, -0.338278413563, -3.43721037555e-05
1516610675245604991, 0.468333959579, 0.1, -0.00165644410554, -8.47548448394e-07, -0.0793752798301, -9.92631883486e-07, 1.55121323717e-10, -3.19958119e-07, 2.31840629734e-05, 0.223982820565, 0.114688326515, 4.11730552444e-05, -0.338671146514, -3.46359711845e-05
1516610675253647089, 0.476366996765, 0.1, -0.00167208843979, -8.01918993378e-07, -0.0802198508719, -1.01860820331e-06, 1.55477244411e-10, -3.27988919489e-07, 2.33060754681e-05, 0.224892636129, 0.114169587808, 4.15722101652e-05, -0.339062223367, -3.49098198101e-05
1516610675262454986, 0.4851770401, 0.1, -0.0016868570434, -7.58091197497e-07, -0.0810334849667, -1.04468785878e-06, 1.55862283957e-10, -3.36044833692e-07, 2.3422508371e-05, 0.225800443493, 0.113651273195, 4.19756799237e-05, -0.339451716112, -3.51935624168e-05
1516610675270090103, 0.492821931839, 0.1, -0.00170085867349, -7.15981571905e-07, -0.0818170012933, -1.07091597341e-06, 1.56278166446e-10, -3.44138973111e-07, 2.35335626532e-05, 0.226706487612, 0.113133171678, 4.23835763179e-05, -0.339839658707, -3.54871026173e-05
1516610675278981924, 0.501699924469, 0.1, -0.0017140157619, -6.75566493827e-07, -0.0825712528549, -1.09720931236e-06, 1.56721694217e-10, -3.52244102315e-07, 2.36393762419e-05, 0.227610552003, 0.11261543249, 4.27958670423e-05, -0.340225983904, -3.57902837276e-05
1516610675285401105, 0.508121013641, 0.1, -0.00172616536476, -6.3684906643e-07, -0.0832971051583, -1.12342243336e-06, 1.57179540027e-10, -3.60314298096e-07, 2.3740077758e-05, 0.228512209794, 0.112098369046, 4.32124508179e-05, -0.340610578244, -3.61028997315e-05
1516610675294213056, 0.516938924789, 0.1, -0.00173726418456, -5.99793110339e-07, -0.0839954012801, -1.14949162544e-06, 1.57648190336e-10, -3.68329857903e-07, 2.38358524041e-05, 0.229411331464, 0.11158206219, 4.36333204313e-05, -0.340993393049, -3.64247689319e-05
