time, local_time, values[0], values[1], values[2], values[3], values[4], values[5]
1515578476982553005, 0.0148949623108, -0.00019643079789, 2.20793736174e-05, 4.03577312496e-07, -6.30535841349e-09, -1.30773693559e-09, 3.95565975539e-08
1515578476990508079, 0.022843837738, -0.00018882786037, 2.12259625508e-05, 3.55989154353e-07, -6.18099035146e-09, -1.28132159725e-09, 3.87599354756e-08
1515578476992206096, 0.0245389938354, -0.000181637078867, 2.04175245699e-05, 3.09684888936e-07, -6.06274980688e-09, -1.25627694983e-09, 3.80023705604e-08
1515578477002551078, 0.034884929657, -0.000157769527743, 1.77346124983e-05, 2.68991545317e-07, -5.26608983063e-09, -1.09120399542e-09, 3.30087672281e-08
1515578477005944013, 0.0382800102234, -0.000172296061933, 1.93679400176e-05, 0.000169777162884, -5.9584948213e-09, -1.23382184374e-09, 3.73243796959e-08
1515578477015410900, 0.0477478504181, -0.000166312678259, 1.86954641501e-05, 0.00151405690021, -5.82352872173e-09, -1.20628357216e-09, 3.64936724823e-08
1515578477022550106, 0.0549478530884, -0.000157931334294, 1.77539746387e-05, 0.00634123930108, -5.5727999717e-09, -1.1567797692e-09, 3.50051737147e-08
1515578477032243967, 0.0645899772644, -0.000145044693454, 1.63262085805e-05, 0.0167987788492, -5.02107174843e-09, -1.0700293776e-09, 3.244248313e-08
1515578477036948919, 0.0692849159241, -0.000128256766187, 1.44585996696e-05, 0.0322610174171, -4.30707861167e-09, -9.49890027746e-10, 2.88725996885e-08
1515578477044253110, 0.0766079425812, -9.04997093265e-05, 1.24561561855e-05, 0.0492368957648, 7.72604141632e-09, -8.20552764624e-10, 2.89798367462e-08
1515578477054034948, 0.086375951767, 6.82177647323e-05, 1.05937074485e-05, 0.0643558920093, 8.9221635581e-08, -7.09600767035e-10, 5.37636220307e-08
1515578477062181949, 0.0945329666138, 0.000113524839274, 8.9927401416e-06, 0.0767349559693, 1.07379653601e-07, -6.1081778524e-10, 5.69198984013e-08
1515578477072809934, 0.105163812637, 0.000502079330408, 7.53614871453e-06, 0.0869674985421, 3.22161612407e-07, -5.44854050766e-10, 1.28475914111e-07
1515578477079416990, 0.111847877502, 0.000570397367269, 6.27323239049e-06, 0.0960563062931, 3.55066503212e-07, -4.70885885839e-10, 1.37439900329e-07
1515578477087687015, 0.120082855225, 0.000626083887242, 5.13799365227e-06, 0.104113288123, 3.8140039464e-07, -4.04326350179e-10, 1.44375408631e-07
1515578477094283103, 0.126626014709, 0.00122794249445, 4.0350584739e-06, 0.110929787505, 7.21421078496e-07, -3.75663833374e-10, 2.57900470767e-07
1515578477113886117, 0.14623093605, 0.00127633020485, 3.12018767058e-06, 0.116950434111, 7.44913984929e-07, -3.23530091606e-10, 2.64223342932e-07
1515578477114938020, 0.147274971008, 0.00129881432518, 2.30419254091e-06, 0.122158987876, 7.54186670585e-07, -2.76241918229e-10, 2.65853415862e-07
1515578477124795913, 0.15721988678, 0.00123612638552, 9.40248541674e-07, 0.130634969817, 7.12894704635e-07, -1.91706206465e-10, 2.49049268427e-07
1515578477127475976, 0.159806013107, 0.00123612638552, 9.40248541674e-07, 0.130634969817, 7.12894704635e-07, -1.91706206465e-10, 2.49049268427e-07
1515578477133851051, 0.1662068367, 0.00209966594142, 6.59962771808e-07, 0.113115621983, 1.21298174749e-06, -2.23662255383e-10, 4.12576426116e-07
1515578477162273883, 0.194617033005, 0.00206072788481, 1.01115198938e-07, 0.118768430743, 1.18989733165e-06, -1.89711801823e-10, 4.03746117298e-07
1515578477166599035, 0.198940992355, 0.00206451002319, -8.755207e-07, 0.144161035519, 1.19329563931e-06, -1.42638179046e-10, 4.03315535077e-07
1515578477168710947, 0.201043844223, 0.00186141652195, -1.24242315423e-06, 0.14570972558, 1.07711838375e-06, -1.08540731958e-10, 3.63374357969e-07
1515578477173871040, 0.206214904785, 0.00147747095948, -1.83293043633e-06, 0.148217331967, 8.57506834423e-07, -5.0030091181e-11, 2.88067242234e-07
1515578477175400018, 0.20773601532, 0.0043885247146, -2.27993016598e-06, 0.147181143403, 2.58541974206e-06, -2.15247597524e-10, 8.36429777848e-07
1515578477181152105, 0.213486909866, 0.00381186196134, -1.98034183226e-06, 0.127841185467, 2.24568933976e-06, -1.86974546956e-10, 7.26520883637e-07
1515578477194327116, 0.226663827896, 0.00370586405041, -2.25559021473e-06, 0.131383606251, 2.18856663206e-06, -1.65588154299e-10, 7.07518495738e-07
1515578477210108041, 0.24246096611, 0.00370567880285, -2.98675659401e-06, 0.154766311597, 2.20358986664e-06, -1.32890809468e-10, 7.11219701718e-07
1515578477212145090, 0.244496822357, 0.00681297489959, -3.62913285967e-06, 0.153411487978, 4.1415263481e-06, -3.05803826706e-10, 1.28355897516e-06
1515578477217369079, 0.249704837799, 0.00591773353285, -3.15225603138e-06, 0.133252847708, 3.59731977713e-06, -2.65634347851e-10, 1.11489622384e-06
1515578477225574016, 0.257910013199, 0.00556756364212, -3.27884787587e-06, 0.135865977687, 3.40666866635e-06, -2.37037223183e-10, 1.05590279327e-06
1515578477232606887, 0.264925956726, 0.00557087531897, -3.90241155003e-06, 0.158245867848, 3.45305306772e-06, -2.11893613766e-10, 1.07031082879e-06
1515578477250991106, 0.283330917358, 0.00511303945212, -3.89315722501e-06, 0.157558550752, 3.19064303139e-06, -1.81882064965e-10, 9.88757337215e-07
1515578477252549886, 0.284900903702, 0.00706278626255, -4.24562969793e-06, 0.156008927176, 4.48173385704e-06, -2.98052027503e-10, 1.35424351309e-06
1515578477256694078, 0.289029836655, 0.00646484467187, -4.17651405735e-06, 0.155472145427, 4.13602938453e-06, -2.61783372757e-10, 1.25001344245e-06
1515578477261198997, 0.293545007706, 0.00561534845838, -3.62771001682e-06, 0.135042729788, 3.59254512785e-06, -2.27399210573e-10, 1.0857586552e-06
1515578477290169000, 0.322540998459, 0.00518110923536, -4.03571842308e-06, 0.157188896152, 3.38919186691e-06, -1.83224768691e-10, 1.02397328435e-06
1515578477293149948, 0.325490951538, 0.00449675554759, -3.90540851844e-06, 0.156463988888, 2.9798057632e-06, -1.42993172858e-10, 8.99435131493e-07
1515578477302818059, 0.335152864456, 0.006542862088, -4.2082751152e-06, 0.154778321902, 4.41532946097e-06, -2.75048872567e-10, 1.30416604492e-06
1515578477305181980, 0.337526798248, 0.00585206850157, -4.06325804662e-06, 0.154224911695, 4.00010464623e-06, -2.35224839606e-10, 1.182125689e-06
1515578477328413963, 0.360756874084, 0.00520702055869, -3.92470671282e-06, 0.153740162396, 3.61005835789e-06, -1.9797152806e-10, 1.06724110807e-06
1515578477338376998, 0.370719909668, 0.00460232548974, -3.79157214359e-06, 0.153315081797, 3.24103334692e-06, -1.62857838326e-10, 9.58177983036e-07
1515578477348141908, 0.380486965179, 0.00776602400061, -4.24109948729e-06, 0.150909143801, 5.6404627582e-06, -3.83187037656e-10, 1.61691482728e-06
1515578477351515054, 0.383847951889, 0.00776602400061, -4.24109948729e-06, 0.150909143801, 5.6404627582e-06, -3.83187037656e-10, 1.61691482728e-06
1515578477354691982, 0.387037992477, 0.00674554967877, -3.68380876518e-06, 0.131079317603, 4.89929232045e-06, -3.32846972206e-10, 1.40444831138e-06
1515578477362317085, 0.394654989243, 0.00650274210999, -3.97072801904e-06, 0.152932640735, 4.86053774057e-06, -3.09016257027e-10, 1.39815687047e-06
1515578477373831033, 0.406174898148, 0.00587008074771, -3.8062443077e-06, 0.152368203278, 4.45421810047e-06, -2.72074918151e-10, 1.28306468917e-06
1515578477376327991, 0.408668994904, 0.00695926091099, -3.93856148909e-06, 0.151206966051, 5.34892581639e-06, -3.54346441078e-10, 1.52139029748e-06
1515578477385284900, 0.417625904083, 0.00630696206274, -3.76598849041e-06, 0.150774302803, 4.91640535703e-06, -3.15328207989e-10, 1.40018428247e-06
1515578477391031980, 0.423385858536, 0.00558272100314, -3.5716100196e-06, 0.150387666513, 4.42087369586e-06, -2.70682254389e-10, 1.25960190658e-06
1515578477404679059, 0.437022924423, 0.00484913797155, -3.10229183151e-06, 0.130626363691, 3.83996020829e-06, -2.35134467452e-10, 1.09408717197e-06
1515578477407190084, 0.439524888992, 0.00391552500639, -3.15436811392e-06, 0.152277858253, 3.24323634541e-06, -1.62475588539e-10, 9.20498050292e-07
1515578477417905092, 0.450308799744, 0.00634795489218, -3.50974381515e-06, 0.15042346863, 5.27195493603e-06, -3.49375528508e-10, 1.47300255979e-06
1515578477422472953, 0.45479798317, 0.00559528742743, -3.30369950029e-06, 0.149902997444, 4.73018556325e-06, -3.01330960184e-10, 1.32334871756e-06
1515578477425359964, 0.457707881927, 0.0049195488918, -3.11894615471e-06, 0.149449656656, 4.2395424156e-06, -2.57789456448e-10, 1.18733627591e-06
1515578477431992053, 0.464335918427, 0.00427310827833, -2.70910909242e-06, 0.129811610596, 3.68245629648e-06, -2.23934759624e-10, 1.03131741981e-06
1515578477447027921, 0.479377031326, 0.0035533765619, -2.77567417504e-06, 0.151226810664, 3.2165173789e-06, -1.64690927562e-10, 8.99074029696e-07
1515578477460268020, 0.492612838745, 0.00280157172717, -2.5660404948e-06, 0.150579907386, 2.62255286838e-06, -1.1197498484e-10, 7.29079079765e-07
1515578477465898990, 0.498242855072, 0.0062705740076, -3.15810138546e-06, 0.148434674917, 5.72550175977e-06, -3.95502963713e-10, 1.57547044902e-06
1515578477471684932, 0.504020929337, 0.00561430963918, -2.97937388275e-06, 0.147958488064, 5.21479118408e-06, -3.5070601978e-10, 1.43824721917e-06
1515578477475871086, 0.508212804794, 0.00487657578447, -2.5878769543e-06, 0.128516385161, 4.5295550199e-06, -3.0463231937e-10, 1.24925805875e-06
1515578477480492115, 0.512821912766, 0.00457984478677, -2.72356666411e-06, 0.149686304307, 4.42134155968e-06, -2.79245071511e-10, 1.22530464273e-06
1515578477502726078, 0.535060882568, 0.00405538147729, -2.5781441946e-06, 0.149042020997, 3.99313999179e-06, -2.41763942199e-10, 1.10801021875e-06
1515578477506016016, 0.538349866867, 0.00643818167808, -3.00527307994e-06, 0.147353721804, 6.29916457969e-06, -4.50128712082e-10, 1.71736315462e-06
1515578477508573055, 0.540906906128, 0.00572668670306, -2.81355273789e-06, 0.146868135149, 5.6852434043e-06, -3.963770423e-10, 1.55217079583e-06
1515578477515814065, 0.548152923584, 0.00495842235364, -2.60799363865e-06, 0.146442303974, 5.00437144749e-06, -3.36576211346e-10, 1.36687514306e-06
1515578477518675088, 0.550997972488, 0.00417626260528, -2.40004682591e-06, 0.146069290664, 4.29436099981e-06, -2.7407598413e-10, 1.17168990528e-06
1515578477518971920, 0.551296949387, 0.00340838571441, -2.19689667962e-06, 0.1457428495, 3.58271521198e-06, -2.11320516641e-10, 9.74415786804e-07
1515578477526385068, 0.558780908585, 0.00267320243143, -2.00294539531e-06, 0.145457413839, 2.89046265766e-06, -1.50188306236e-10, 7.8137760497e-07
