time, local_time, values[0], values[1], values[2], values[3], values[4], values[5]
1515575878316648960, 0.00534105300903, -0.000187528407015, 2.50322630195e-05, 7.1195805876e-07, -7.18268109738e-09, -1.39460922133e-09, 3.33350877801e-08
1515575878324934959, 0.013631105423, -0.00018123785121, 2.41923711323e-05, 6.18567562955e-07, -7.0610428672e-09, -1.37053681002e-09, 3.2759113217e-08
1515575878331171989, 0.0198681354523, -0.000175177476976, 2.33842946308e-05, 5.41152347627e-07, -6.94204227932e-09, -1.34697130214e-09, 3.21975094216e-08
1515575878336097955, 0.0247950553894, -0.000169463949411, 2.26214000146e-05, 4.70435637552e-07, -6.82883663357e-09, -1.32464667712e-09, 3.1663225563e-08
1515575878343810081, 0.0324831008911, -0.00016430641388, 2.19331038934e-05, 4.10237203581e-07, -6.72611425921e-09, -1.30437214731e-09, 3.11789761461e-08
1515575878354986906, 0.0436890125275, -0.000159683815786, 2.1315885588e-05, 0.000169880802726, -6.63009993756e-09, -1.28551623231e-09, 3.07280431317e-08
1515575878362207889, 0.0509309768677, -0.000154716484735, 2.06527749824e-05, 0.00151401884259, -6.50006022075e-09, -1.26039314575e-09, 3.01286311773e-08
1515575878368566036, 0.0572741031647, -0.000147330050664, 1.96669920897e-05, 0.00634074061065, -6.24195624179e-09, -1.21116848495e-09, 2.89550482703e-08
1515575878376962900, 0.0656750202179, -0.000133970424878, 1.80934334695e-05, 0.0167969606953, -4.84683638238e-09, -1.12092485294e-09, 2.71461234117e-08
1515575878389398097, 0.0781049728394, -0.000116665871471, 1.59757685721e-05, 0.032257458812, -3.33802690129e-09, -9.93487320189e-10, 2.44155115656e-08
1515575878394449949, 0.0831499099731, -9.79944729349e-05, 1.36918855268e-05, 0.0492376837083, -1.70420352084e-09, -8.54473436451e-10, 2.14291703496e-08
1515575878419543981, 0.108243942261, -8.11843694451e-05, 1.16188297313e-05, 0.0644013701109, -3.11816865219e-10, -7.29032612057e-10, 1.87007346864e-08
1515575878423413038, 0.112098932266, 0.000428380032158, 9.79015475555e-06, 0.076625593589, 2.82959072483e-07, -6.52715076432e-10, 1.14493531329e-07
1515575878423995971, 0.112697124481, 0.000506060748684, 8.25819368749e-06, 0.0869594992501, 3.21153341972e-07, -5.66861613205e-10, 1.25458902247e-07
1515575878425105094, 0.113796949387, 0.00057183368206, 6.86317168655e-06, 0.0960472187983, 3.53103889698e-07, -4.89319584851e-10, 1.34478590704e-07
1515575878440574884, 0.129323959351, 0.000623041955189, 5.58651795058e-06, 0.10410294361, 3.77244424218e-07, -4.18532597468e-10, 1.40974079804e-07
1515575878455065011, 0.143762111664, 0.000651083113319, 4.4409360364e-06, 0.111107561077, 3.8875410902e-07, -3.54539730907e-10, 1.43285378942e-07
1515575878458826065, 0.147546052933, 0.000645803530648, 3.42363973045e-06, 0.117134930747, 3.81863202122e-07, -2.96377922204e-10, 1.39399609925e-07
1515575878460226058, 0.148921012878, 0.00194141059012, 2.3090304772e-06, 0.12189198351, 1.12461738744e-06, -3.20357240735e-10, 3.87282709578e-07
1515575878464674949, 0.153378009796, 0.00192406513147, 1.49912819843e-06, 0.126411872332, 1.11260616033e-06, -2.73984279708e-10, 3.82013255255e-07
1515575878475311040, 0.164206027985, 0.00189483006133, 7.89067937116e-07, 0.130346372269, 1.09417810946e-06, -2.32524000054e-10, 3.74709468e-07
1515575878482511997, 0.171210050583, 0.00186903551215, 1.73192008438e-07, 0.133762181155, 1.07794673559e-06, -1.96520577589e-10, 3.68290184592e-07
1515575878489762067, 0.178457021713, 0.00417106306709, -7.26938513665e-07, 0.135902438487, 2.42870562989e-06, -3.02522562556e-10, 7.98275283105e-07
1515575878505974054, 0.194672107697, 0.00418441531994, -1.19697343996e-06, 0.138458967681, 2.43647271075e-06, -2.77255218784e-10, 8.00149110978e-07
1515575878510457992, 0.199152946472, 0.00415347272466, -1.60831436869e-06, 0.14067580906, 2.41939517649e-06, -2.52494858355e-10, 7.93957318075e-07
1515575878519872903, 0.208599090576, 0.00405108521897, -1.9697634475e-06, 0.142593032057, 2.36222601675e-06, -2.26020702154e-10, 7.74683432079e-07
1515575878521797895, 0.210518121719, 0.00603212668747, -2.62829300915e-06, 0.143445826321, 3.56101669199e-06, -3.26510984916e-10, 1.13215048085e-06
1515575878547985076, 0.236706018448, 0.00577437676797, -2.89500562238e-06, 0.144862166541, 3.41849084376e-06, -2.95312885257e-10, 1.08644637416e-06
1515575878552500963, 0.241197109222, 0.005399166859, -3.10295776136e-06, 0.146075456737, 3.2085138644e-06, -2.59284260729e-10, 1.01927810368e-06
1515575878555541038, 0.244224071503, 0.00491033587788, -3.25361925425e-06, 0.147111119104, 2.93280694777e-06, -2.18465912027e-10, 9.31166887462e-07
1515575878559207916, 0.247904062271, 0.00436033842215, -3.35993083643e-06, 0.147996594907, 2.62105083476e-06, -1.75687686621e-10, 8.31555361717e-07
1515575878585500955, 0.27420091629, 0.00673095740812, -3.90499893462e-06, 0.147654578486, 4.13703806594e-06, -3.14570758331e-10, 1.26723254042e-06
1515575878589875936, 0.278583049774, 0.00620113672315, -3.95640810877e-06, 0.148308675004, 3.83977106891e-06, -2.76252354325e-10, 1.17627676741e-06
1515575878601742982, 0.290476083755, 0.00566019281459, -3.97955853626e-06, 0.148868446431, 3.53360210487e-06, -2.38316921752e-10, 1.08248823819e-06
1515575878607475042, 0.296195030212, 0.00509410616604, -3.97435339233e-06, 0.149344681873, 3.21014960759e-06, -1.99779082166e-10, 9.83245870243e-07
1515575878611450910, 0.30015206337, 0.00811895915099, -4.5403637893e-06, 0.148360376599, 5.26263838986e-06, -3.94093813139e-10, 1.56074542535e-06
1515575878615681886, 0.304378986359, 0.00751291020155, -4.48691739792e-06, 0.148704856247, 4.91759176927e-06, -3.55507678851e-10, 1.46027477358e-06
1515575878618952035, 0.307640075684, 0.00810601731567, -4.61870212697e-06, 0.148523504594, 5.39533332596e-06, -3.97365251814e-10, 1.58753263965e-06
1515575878620692968, 0.309385061264, 0.00747976488696, -4.52965385968e-06, 0.148769816971, 5.03250366561e-06, -3.58592100458e-10, 1.48308974525e-06
1515575878623776912, 0.312473058701, 0.00683431423714, -4.42231603161e-06, 0.148974925295, 4.65202700293e-06, -3.18709780789e-10, 1.37286432456e-06
1515575878637103080, 0.325812101364, 0.00616341117586, -4.29618752578e-06, 0.149143458226, 4.24961927028e-06, -2.77248335401e-10, 1.25553590552e-06
1515575878644650936, 0.333351135254, 0.00548612623343, -4.15826206006e-06, 0.149281579959, 3.83773866349e-06, -2.35329367104e-10, 1.13483750963e-06
1515575878652970075, 0.341666936874, 0.00482900563124, -4.01765871832e-06, 0.149395512987, 3.43348310836e-06, -1.94502136619e-10, 1.01586655468e-06
1515575878656038999, 0.344741106033, 0.00602324814053, -4.19179678372e-06, 0.148793357306, 4.3528510047e-06, -2.82438628041e-10, 1.27459653287e-06
1515575878664618968, 0.353316068649, 0.00539377100733, -4.04536746885e-06, 0.148871340324, 3.95858834234e-06, -2.43350339879e-10, 1.1606177076e-06
1515575878675182104, 0.363888025284, 0.00475354539007, -3.88986128023e-06, 0.148931484658, 3.55003444717e-06, -2.03154049139e-10, 1.04165652385e-06
1515575878684479951, 0.373177051544, 0.00410364415326, -3.72636243698e-06, 0.148976088389, 3.12761205249e-06, -1.61853086489e-10, 9.17791459647e-07
1515575878689836978, 0.378530025482, 0.00345442535652, -3.55868406847e-06, 0.149007912306, 2.69829516287e-06, -1.20068732734e-10, 7.91078920362e-07
1515575878700536966, 0.389235019684, 0.00585483639094, -3.93114101151e-06, 0.14788419631, 4.57346891366e-06, -3.01401237301e-10, 1.32255558311e-06
1515575878709321022, 0.398020029068, 0.00523702594402, -3.76678394668e-06, 0.147904726371, 4.1608265736e-06, -2.61835664261e-10, 1.20517913604e-06
1515575878714728116, 0.403424024582, 0.00462425010518, -3.60124038743e-06, 0.147917221456, 3.74349261094e-06, -2.21906493181e-10, 1.08553656461e-06
1515575878720136880, 0.408844947815, 0.00399206324276, -3.42755581914e-06, 0.147921052005, 3.30222426891e-06, -1.79794068522e-10, 9.57805712219e-07
1515575878733033895, 0.421730995178, 0.00332312204363, -3.24099281685e-06, 0.147915937248, 2.82272982389e-06, -1.34131261653e-10, 8.17594484331e-07
1515575878735999107, 0.424695968628, 0.0062253134913, -3.70928571349e-06, 0.146542631169, 5.22890217779e-06, -3.65705687955e-10, 1.48560641518e-06
1515575878744987010, 0.433682918549, 0.0055031954552, -3.50594354684e-06, 0.146533990943, 4.6998890807e-06, -3.16000670075e-10, 1.33704704345e-06
1515575878753592014, 0.442300081253, 0.00479277846855, -3.30530007486e-06, 0.146521827199, 4.17028334662e-06, -2.6623847571e-10, 1.18730742049e-06
1515575878759917974, 0.448632955551, 0.00410886231125, -3.11183244413e-06, 0.146507498334, 3.6520532118e-06, -2.17547202475e-10, 1.039860676e-06
1515575878770168066, 0.458863973618, 0.0034353799763, -2.92109367677e-06, 0.14649056222, 3.13091222041e-06, -1.68565272851e-10, 8.9040236703e-07
1515575878776118993, 0.464814901352, 0.00512438154041, -3.18432599835e-06, 0.145583545443, 4.64773988943e-06, -3.14372750054e-10, 1.308762597e-06
1515575878783874988, 0.472593069077, 0.00441509731758, -2.98428822404e-06, 0.145566602018, 4.08127905948e-06, -2.61498267484e-10, 1.14959739917e-06
1515575878792382955, 0.48108291626, 0.00370198367477, -2.78334854239e-06, 0.145547364357, 3.49953569669e-06, -2.07157180299e-10, 9.84807652911e-07
1515575878800280094, 0.488976955414, 0.00300903279505, -2.58837017891e-06, 0.145527212354, 2.92440872847e-06, -1.53380974588e-10, 8.20818241103e-07
1515575878809751033, 0.498445034027, 0.00235806473827, -2.40544868364e-06, 0.145507403746, 2.37732503988e-06, -1.0220102542e-10, 6.64079845419e-07
1515575878816133022, 0.504830121994, 0.00469436249775, -2.82705070932e-06, 0.144411090594, 4.58821036816e-06, -3.13510439831e-10, 1.2781483117e-06
1515575878824971914, 0.513675928116, 0.00411396659133, -2.66541964676e-06, 0.144399543933, 4.09739040344e-06, -2.67979860524e-10, 1.14266872392e-06
1515575878831885099, 0.520581007004, 0.00351866077322, -2.49987278841e-06, 0.144386402985, 3.57998078507e-06, -2.19920415212e-10, 9.98282368058e-07
1515575878840111970, 0.528813123703, 0.00288758741087, -2.32468587986e-06, 0.144371087191, 3.01509506744e-06, -1.67358460423e-10, 8.3884046003e-07
1515575878849086046, 0.537813901901, 0.00223328475106, -2.14333595236e-06, 0.144354136361, 2.41487759976e-06, -1.11423426041e-10, 6.67843049414e-07
1515575878856945991, 0.545663118362, 0.00449193787917, -2.57491458597e-06, 0.1432856762, 4.69427096167e-06, -3.27550098156e-10, 1.29104613087e-06
