time, local_time, values[0], values[1], values[2], values[3], values[4], values[5]
1515576640057696104, 0.0262019634247, -0.000187330651325, 2.0401374882e-05, 4.5273627378e-07, -7.42921938724e-09, -9.84963776109e-10, 3.11929461056e-08
1515576640058391094, 0.0268959999084, -0.000180754199732, 1.96859516093e-05, 3.97473759237e-07, -7.31568971581e-09, -9.69479802346e-10, 3.07044205827e-08
1515576640061075925, 0.0295789241791, -0.000174164080779, 1.89680517162e-05, 3.45697244104e-07, -7.19807893585e-09, -9.53536067935e-10, 3.0199330242e-08
1515576640063014030, 0.0315179824829, -0.000167921527463, 1.82880099714e-05, 3.00639811877e-07, -7.08455784077e-09, -9.38179658567e-10, 2.9712703376e-08
1515576640070640087, 0.0391550064087, -0.000167921749257, 1.82884903789e-05, 3.02586857806e-07, -7.08448867064e-09, -9.38149052367e-10, 2.97127743721e-08
1515576640080249071, 0.0487830638885, -0.000156430792809, 1.7038875878e-05, 0.00151381001723, -6.82254629057e-09, -9.04781889167e-10, 2.86627428328e-08
1515576640088430881, 0.0571610927582, -0.000147915198761, 1.61744265449e-05, 0.00633997230645, -6.21015810889e-09, -8.69171432744e-10, 2.76643334417e-08
1515576640106256008, 0.0747771263123, -0.000134981500769, 1.48725175252e-05, 0.0167953847064, -5.13813736412e-09, -8.04931746257e-10, 2.58508740008e-08
1515576640112373113, 0.0808849334717, -0.000107615370622, 1.31706900676e-05, 0.0322511745959, 2.27167491204e-09, -7.15350556568e-10, 2.53977012064e-08
1515576640127443075, 0.0959529876709, 2.01247644155e-05, 1.13385625984e-05, 0.0491940956191, 6.62098480834e-08, -6.21942497503e-10, 4.44711471999e-08
1515576640140805959, 0.10929608345, 7.36235733578e-05, 9.66043966395e-06, 0.0643443399981, 8.85835993379e-08, -5.3429671798e-10, 4.92640559253e-08
1515576640141407966, 0.110002040863, 0.000117789187984, 8.19775969546e-06, 0.0767211389663, 1.06647879799e-07, -4.59847909751e-10, 5.29973610565e-08
1515576640152271032, 0.120780944824, 0.000154729892154, 6.9014013179e-06, 0.0870681206383, 1.21379142985e-07, -3.95265820075e-10, 5.59002577868e-08
1515576640157555103, 0.126081943512, 0.00133284345148, 5.58397662074e-06, 0.0957814040044, 7.90638574631e-07, -3.86387422058e-10, 2.81550373586e-07
1515576640160907030, 0.129418134689, 0.0014505156896, 4.52924711791e-06, 0.103815154443, 8.52946826798e-07, -3.38569727809e-10, 3.010327447e-07
1515576640171279907, 0.13979101181, 0.00153640858637, 3.594113329e-06, 0.110800735049, 8.97792891714e-07, -2.95594548838e-10, 3.14755146329e-07
1515576640175896883, 0.144449949265, 0.00158271062753, 2.75658294513e-06, 0.11681206961, 9.20679475375e-07, -2.56213605887e-10, 3.21146696702e-07
1515576640191394090, 0.159905910492, 0.00159022584527, 2.00104166939e-06, 0.122010914134, 9.21991063783e-07, -2.19575302385e-10, 3.20309585131e-07
1515576640201529026, 0.170042037964, 0.00319545578052, 1.1112864056e-06, 0.125963663108, 1.85500098106e-06, -2.56250132225e-10, 6.21276498538e-07
1515576640205723047, 0.176024913788, 0.00317651464384, 5.105582739e-07, 0.129881082602, 1.84355356934e-06, -2.2636476027e-10, 6.16445851796e-07
1515576640209820032, 0.178343057632, 0.00356995669852, -7.69747174292e-08, 0.133107332449, 2.07710265326e-06, -2.18026208199e-10, 6.88408650034e-07
1515576640218894958, 0.187407016754, 0.00345144555899, -5.38051175979e-07, 0.136040049396, 2.010438346e-06, -1.90377824616e-10, 6.65599816692e-07
1515576640239952087, 0.208462953568, 0.00430350496493, -1.07351939715e-06, 0.138216179571, 2.52359525636e-06, -2.08144945724e-10, 8.22769588418e-07
1515576640244040012, 0.212553024292, 0.00414202340985, -1.42312687385e-06, 0.140413934508, 2.43391817625e-06, -1.8387086298e-10, 7.93010377225e-07
1515576640268513917, 0.237025976181, 0.00395333045816, -1.7219657657e-06, 0.142317815391, 2.32855127755e-06, -1.60632396273e-10, 7.58212977103e-07
1515576640286638021, 0.255149126053, 0.00647005927392, -2.34179719411e-06, 0.142942508941, 3.87789065133e-06, -2.60134025432e-10, 1.21895615728e-06
1515576640293546915, 0.262064933777, 0.00620321677095, -2.5537769718e-06, 0.144353624232, 3.73168741797e-06, -2.37342423492e-10, 1.17297687708e-06
1515576640299427032, 0.267941951752, 0.00587437727916, -2.72460989143e-06, 0.145568873625, 3.5496537952e-06, -2.13369211188e-10, 1.11577883672e-06
1515576640299705028, 0.26820898056, 0.0054882036924, -2.85624011877e-06, 0.14661365695, 3.33379220291e-06, -1.88256521483e-10, 1.04793075822e-06
1515576640305803060, 0.274342060089, 0.00739589538664, -3.27111049904e-06, 0.146620736383, 4.57602392542e-06, -2.69532896002e-10, 1.40150295166e-06
1515576640307760000, 0.276310920715, 0.00694543224328, -3.33946066035e-06, 0.147389632496, 4.32511146022e-06, -2.44203046673e-10, 1.32534826966e-06
1515576640319349050, 0.287862062454, 0.00648396240021, -3.38428512701e-06, 0.148050414123, 4.06600619241e-06, -2.19224416398e-10, 1.24657734092e-06
1515576640340271949, 0.30877995491, 0.00600740311144, -3.40651371085e-06, 0.148616713848, 3.79568057548e-06, -1.94298854783e-10, 1.16419640404e-06
1515576640350449085, 0.318970918655, 0.0103049747376, -4.08149097809e-06, 0.147223350539, 6.73502357454e-06, -3.98113209066e-10, 1.9712152583e-06
1515576640352593898, 0.321104049683, 0.00975512508083, -4.05423861626e-06, 0.147634741759, 6.42674494044e-06, -3.72165687157e-10, 1.88385710575e-06
1515576640367703914, 0.336214065552, 0.00977053540177, -4.09228626572e-06, 0.147742851441, 6.51588161659e-06, -3.7469827241e-10, 1.901914458e-06
1515576640371913909, 0.340461969376, 0.00917108858844, -4.02809343581e-06, 0.148038623786, 6.1728290159e-06, -3.47472273177e-10, 1.80492111731e-06
1515576640378747940, 0.347268104553, 0.00858390433761, -3.95603747574e-06, 0.148290100684, 5.83341411785e-06, -3.20943382981e-10, 1.70862013325e-06
1515576640386328935, 0.354841947556, 0.00802925144103, -3.88240719682e-06, 0.148504880949, 5.51045837037e-06, -2.95940272288e-10, 1.61675108933e-06
1515576640386929988, 0.355458974838, 0.00751502584886, -3.81040093549e-06, 0.148688777549, 5.20923523804e-06, -2.7280055992e-10, 1.53087697793e-06
1515576640389301061, 0.357811927795, 0.00702594505779, -3.73724081422e-06, 0.148845020102, 4.9200328638e-06, -2.50783505074e-10, 1.4481444729e-06
1515576640391540050, 0.360049962997, 0.00652515603387, -3.65453031751e-06, 0.148974466719, 4.61872701132e-06, -2.28181917805e-10, 1.36140060491e-06
1515576640401674032, 0.370183944702, 0.0084014187799, -3.91229853045e-06, 0.148128366468, 6.05221933386e-06, -3.2763225466e-10, 1.74711214805e-06
1515576640410815954, 0.379327058792, 0.00776958092237, -3.78578383188e-06, 0.148210186407, 5.65892897079e-06, -2.99293367867e-10, 1.63627751403e-06
1515576640432504892, 0.401015043259, 0.00706179549784, -3.63555566186e-06, 0.148269562523, 5.20742852605e-06, -2.67115440877e-10, 1.50784150885e-06
1515576640437243938, 0.405739068985, 0.00873283474266, -3.8420984987e-06, 0.147365991191, 6.57379175907e-06, -3.61835228446e-10, 1.86795238e-06
1515576640441421031, 0.409934043884, 0.00800518329225, -3.68052738326e-06, 0.147403098893, 6.1030845033e-06, -3.28876592626e-10, 1.73784380087e-06
1515576640447675943, 0.416221141815, 0.00732696359257, -3.52878351816e-06, 0.147432345183, 5.66000593676e-06, -2.97907587488e-10, 1.61489830184e-06
1515576640458342075, 0.426854133606, 0.00668250729254, -3.38321806503e-06, 0.147454150538, 5.23282775566e-06, -2.68108979462e-10, 1.49570838467e-06
1515576640462116956, 0.43062710762, 0.00602928911315, -3.23339384543e-06, 0.147467017866, 4.79033939402e-06, -2.3731094867e-10, 1.3712507728e-06
1515576640469607114, 0.438122987747, 0.0053483237187, -3.07488318846e-06, 0.147470809866, 4.31886064894e-06, -2.04570027584e-10, 1.23758691078e-06
1515576640483726978, 0.452235937119, 0.0046584049369, -2.91275914561e-06, 0.147467687942, 3.83251292768e-06, -1.70842673342e-10, 1.09880887643e-06
1515576640493345022, 0.46187210083, 0.00757213655494, -3.33099463129e-06, 0.146085081586, 6.30752612594e-06, -3.43080008847e-10, 1.76816681692e-06
1515576640510209083, 0.478719949722, 0.00927501120885, -3.57036845662e-06, 0.14515767915, 7.8835404587e-06, -4.50789072737e-10, 2.17118067927e-06
1515576640514121055, 0.482626914978, 0.00921281071677, -3.51739299607e-06, 0.144926837645, 7.94336342996e-06, -4.54897786106e-10, 2.18188456963e-06
1515576640514744043, 0.483251094818, 0.00858872316255, -3.37026288247e-06, 0.14492708327, 7.49581368246e-06, -4.24730806081e-10, 2.06482167831e-06
1515576640517529010, 0.486035108566, 0.00799841033745, -3.23090249209e-06, 0.144925470488, 7.06678251363e-06, -3.95804611308e-10, 1.9519408265e-06
1515576640530188083, 0.498778104782, 0.00741806360882, -3.09359174236e-06, 0.144921489691, 6.63567894055e-06, -3.66721542022e-10, 1.8374354925e-06
1515576640534526109, 0.503036022186, 0.00680522142822, -2.94810388562e-06, 0.144913873716, 6.1663876267e-06, -3.35024452625e-10, 1.71119051194e-06
1515576640544337987, 0.512849092484, 0.006143066246, -2.79055422828e-06, 0.144902286973, 5.64472824261e-06, -2.99740787746e-10, 1.56923601395e-06
1515576640548166036, 0.51687002182, 0.00546120512683, -2.62832847433e-06, 0.144888124769, 5.0965434795e-06, -2.62626920211e-10, 1.41885767109e-06
1515576640551527976, 0.520038127899, 0.00656438925231, -2.78180260784e-06, 0.144208287566, 6.20071265764e-06, -3.38203909322e-10, 1.7057891232e-06
1515576640564728975, 0.533262968063, 0.00596262522649, -2.63974089975e-06, 0.144198965629, 5.71191290716e-06, -3.05328873296e-10, 1.57444924545e-06
1515576640568542003, 0.537058115005, 0.00538169555503, -2.5026841272e-06, 0.144189046005, 5.23028879503e-06, -2.72900924081e-10, 1.44395589181e-06
1515576640582101106, 0.55064702034, 0.00476798745303, -2.35800559269e-06, 0.144177019982, 4.70552862795e-06, -2.37480590748e-10, 1.30004535409e-06
1515576640586154937, 0.554666996002, 0.00409831622064, -2.20037803579e-06, 0.144162298039, 4.11546851564e-06, -1.97599603347e-10, 1.1363895384e-06
1515576640589597940, 0.558109045029, 0.00339386412857, -2.03479571213e-06, 0.144145646332, 3.4794146556e-06, -1.54525836571e-10, 9.5839324025e-07
1515576640591236114, 0.559756040573, 0.00558721235507, -2.40176045738e-06, 0.143057887, 5.70944294173e-06, -3.06244030135e-10, 1.54685284655e-06
1515576640591492891, 0.559997081757, 0.00491159698987, -2.24436557696e-06, 0.14304983247, 5.09190255173e-06, -2.64893440516e-10, 1.3801347209e-06
1515576640591648101, 0.560148000717, 0.00428018575591, -2.09714208459e-06, 0.143042009153, 4.50793496274e-06, -2.25759300143e-10, 1.22177813257e-06
1515576640598246097, 0.566761016846, 0.00368425713965, -1.95816225509e-06, 0.143034327167, 3.94901119023e-06, -1.88277171631e-10, 1.06941679919e-06
