time, local_time, values[0], values[1], values[2], values[3], values[4], values[5]
1515575452441519975, 0.00870609283447, -0.000173440361616, 2.0653791913e-05, 3.82692293779e-07, -1.65920750545e-08, -1.2047718028e-09, 3.79062504764e-08
1515575452447356939, 0.014594078064, -0.000167002634481, 1.98881895358e-05, 3.36405085623e-07, -1.62564649718e-08, -1.18010267456e-09, 3.71335517048e-08
1515575452459889888, 0.0270991325378, -0.000160942392528, 1.91664832326e-05, 2.92595435558e-07, -1.59402649303e-08, -1.15698729543e-09, 3.64052708651e-08
1515575452464765071, 0.0319509506226, -0.000155447715779, 1.85125705261e-05, 2.56252368782e-07, -1.56532534073e-08, -1.13595110545e-09, 3.57447031838e-08
1515575452471277952, 0.0384631156921, -0.000150531244117, 1.79270742595e-05, 0.000169731724831, -1.5387968361e-08, -1.11659987463e-09, 3.51356050011e-08
1515575452479183912, 0.0463750362396, -0.000145407080208, 1.73169838889e-05, 0.00151376456022, -1.50525732357e-08, -1.09242439053e-09, 3.43771508894e-08
1515575452488044023, 0.0552289485931, -0.000138198774305, 1.64591000282e-05, 0.00634005599441, -1.44325075302e-08, -1.0482946039e-09, 3.29991356135e-08
1515575452498284101, 0.0654940605164, -0.000127152587689, 1.51447925275e-05, 0.0167956750073, -1.33281759564e-08, -9.70120858645e-10, 3.0562312908e-08
1515575452502882957, 0.0700850486755, -0.000109613869524, 1.34141039282e-05, 0.0322542824127, -1.00316937978e-08, -8.61377802419e-10, 2.78284483991e-08
1515575452512052059, 0.0792500972748, -9.24305894521e-05, 1.15563491878e-05, 0.0492328735054, -7.44680644525e-09, -7.43119260571e-10, 2.4474981566e-08
1515575452519874095, 0.0870699882507, -7.66964546105e-05, 9.84819341949e-06, 0.0643951368122, -5.14219439037e-09, -6.35596242304e-10, 2.13978718458e-08
1515575452533833026, 0.101041078568, -6.33445992577e-05, 8.37265181409e-06, 0.0767817607041, -3.33768736108e-09, -5.44737643882e-10, 1.87343178819e-08
1515575452537343978, 0.10452914238, -5.24065843708e-05, 7.07869078697e-06, 0.0871369231025, -2.22910955166e-09, -4.66438498936e-10, 1.62726308612e-08
1515575452545044898, 0.112250089645, 0.000366871248532, 5.85270184369e-06, 0.0961084111007, 2.31832595348e-07, -4.15671830289e-10, 9.5505063455e-08
1515575452553551912, 0.120741128922, 0.000405550820871, 4.78806687491e-06, 0.104170008035, 2.49637386358e-07, -3.53918783169e-10, 9.94136938633e-08
1515575452563007116, 0.130201101303, 0.000432273426363, 3.83682878864e-06, 0.11118098603, 2.61085662509e-07, -2.98799818221e-10, 1.01360377587e-07
1515575452569221973, 0.136409044266, 0.000439625414046, 2.99399842248e-06, 0.117215629835, 2.61951806884e-07, -2.49564036103e-10, 9.9856626058e-08
1515575452577260017, 0.14445400238, 0.000420243959151, 2.2428727485e-06, 0.122435377855, 2.47990999522e-07, -2.04701255946e-10, 9.33807200259e-08
1515575452583008050, 0.150190114975, 0.00285610929816, 1.22031795575e-06, 0.126126762059, 1.65245283244e-06, -2.83565892989e-10, 5.5889416653e-07
1515575452591101884, 0.158394098282, 0.00285292009269, 6.08290088658e-07, 0.130052338117, 1.64979583944e-06, -2.48430387373e-10, 5.56697258407e-07
1515575452599422931, 0.166607141495, 0.00279336295336, 6.80569289622e-08, 0.133453448479, 1.6154753132e-06, -2.14546824751e-10, 5.44034187039e-07
1515575452615735054, 0.182923078537, 0.00266202827519, -4.05393499987e-07, 0.13639367453, 1.54069669522e-06, -1.80684134321e-10, 5.17943035152e-07
1515575452620572090, 0.18776011467, 0.00245797610648, -8.17740197153e-07, 0.138935752118, 1.42475342593e-06, -1.46365919385e-10, 4.78172475042e-07
1515575452623235940, 0.190431118011, 0.00419744074965, -1.45599852319e-06, 0.140417706699, 2.46348429748e-06, -2.11183848187e-10, 8.01820414666e-07
1515575452634258985, 0.201470136642, 0.0049841483606, -1.91224098764e-06, 0.141917393388, 2.95165491182e-06, -2.32317221016e-10, 9.46521484064e-07
1515575452645733118, 0.212934970856, 0.0046716911924, -2.16676642725e-06, 0.143548748688, 2.77782403407e-06, -2.00867378286e-10, 8.90276343309e-07
1515575452647342920, 0.214537143707, 0.00434071028986, -2.37906579587e-06, 0.14495865374, 2.59292709357e-06, -1.70642888708e-10, 8.30548209595e-07
1515575452656958103, 0.224200963974, 0.00401621023214, -2.55771151775e-06, 0.146179071408, 2.41111106292e-06, -1.4257811598e-10, 7.71853159181e-07
1515575452666580915, 0.233767986298, 0.00369357107564, -2.70522799621e-06, 0.147234536078, 2.22938840324e-06, -1.16192666599e-10, 7.13192086127e-07
1515575452672806024, 0.239969015121, 0.00563761708146, -3.1501022028e-06, 0.147290378338, 3.45967844416e-06, -2.0767126907e-10, 1.07988000271e-06
1515575452680877923, 0.248062133789, 0.00521961465628, -3.22577795114e-06, 0.14806416392, 3.22383249967e-06, -1.7959339571e-10, 1.00626726311e-06
1515575452686466932, 0.253653049469, 0.00474363877402, -3.26821064839e-06, 0.148724174482, 2.952937786e-06, -1.49764756152e-10, 9.21625066157e-07
1515575452698151111, 0.265332937241, 0.00425265790822, -3.28802594379e-06, 0.14928913153, 2.67151140435e-06, -1.20078003096e-10, 8.3356303604e-07
1515575452704777002, 0.271961927414, 0.00376438837984, -3.29017636851e-06, 0.149773168283, 2.38905308233e-06, -9.12318554036e-11, 7.44956279637e-07
1515575452711216926, 0.278403043747, 0.00625712803054, -3.71292422534e-06, 0.149057503244, 4.04460621283e-06, -2.21561102798e-10, 1.22675745997e-06
1515575452719765901, 0.286948919296, 0.0057069817361, -3.6689030556e-06, 0.149405396675, 3.72430092365e-06, -1.91326898769e-10, 1.13002178858e-06
1515575452728470087, 0.295655012131, 0.00510988479027, -3.60092058329e-06, 0.149695940101, 3.37202898508e-06, -1.59146862355e-10, 1.02321719645e-06
1515575452737818002, 0.305006980896, 0.00449766805265, -3.51808173803e-06, 0.149939142225, 3.00692893676e-06, -1.26498700403e-10, 9.12167054789e-07
1515575452751060962, 0.318248987198, 0.00390367114222, -3.42990237118e-06, 0.150144264364, 2.64950493477e-06, -9.4918406468e-11, 8.03151280787e-07
1515575452754044055, 0.321251153946, 0.00698653518918, -3.89443021372e-06, 0.14892682617, 4.82390434032e-06, -2.68709332563e-10, 1.4220162062e-06
1515575452759884119, 0.327077150345, 0.00640663983334, -3.79299755217e-06, 0.149074503454, 4.47408459893e-06, -2.38834618749e-10, 1.3203582883e-06
1515575452766836881, 0.334022045135, 0.00577953502152, -3.6720966215e-06, 0.149192274101, 4.08778900937e-06, -2.06390959878e-10, 1.2072798165e-06
1515575452778760910, 0.345970153809, 0.00509817002784, -3.53063509072e-06, 0.149282906703, 3.65922879919e-06, -1.70899738805e-10, 1.08091779018e-06
1515575452784310102, 0.351508140564, 0.00438216284155, -3.37450281153e-06, 0.149350990333, 3.20021019098e-06, -1.33250188661e-10, 9.44673061284e-07
1515575452793373107, 0.360680103302, 0.00731208506722, -3.79208258228e-06, 0.14800487535, 5.42891445794e-06, -3.11389691809e-10, 1.5637415886e-06
1515575452804460048, 0.371680021286, 0.00662390062902, -3.63554667259e-06, 0.148052482416, 4.98678134609e-06, -2.75876432809e-10, 1.43880335252e-06
1515575452809586048, 0.376793146133, 0.00598040243361, -3.48753668334e-06, 0.148090544179, 4.56926208069e-06, -2.42422970587e-10, 1.32037195933e-06
1515575452816224098, 0.383417129517, 0.00597044206142, -3.44298583395e-06, 0.147888037721, 4.63118462917e-06, -2.47328268976e-10, 1.33505023821e-06
1515575452826947927, 0.394134044647, 0.00534668604164, -3.29469601803e-06, 0.147908198836, 4.21345241379e-06, -2.14114059816e-10, 1.21612086494e-06
1515575452840918064, 0.408133983612, 0.00468908511117, -3.13516813261e-06, 0.147917613764, 3.76220222079e-06, -1.78394410355e-10, 1.08647325899e-06
1515575452842375993, 0.409562110901, 0.00400424622415, -2.96668517787e-06, 0.147917826091, 3.28191651021e-06, -1.40456313247e-10, 9.47363461917e-07
1515575452848371028, 0.415557146072, 0.00332284633562, -2.79778327461e-06, 0.147911924673, 2.79587417686e-06, -1.0212819479e-10, 8.05696635357e-07
1515575452858153104, 0.42533993721, 0.00628439520422, -3.24532109964e-06, 0.146541230373, 5.25582217484e-06, -2.98498670226e-10, 1.49002123247e-06
1515575452865838050, 0.433022975922, 0.00568114346667, -3.09592316785e-06, 0.146539280464, 4.82616478096e-06, -2.65066968375e-10, 1.37087098037e-06
1515575452871897935, 0.439082145691, 0.00508925360608, -2.94868115975e-06, 0.146533791663, 4.39593179902e-06, -2.31590413513e-10, 1.25056392393e-06
1515575452883776903, 0.450961112976, 0.00447032670973, -2.79383197557e-06, 0.146523161662, 3.933745747e-06, -1.9564305731e-10, 1.11993571891e-06
1515575452898282051, 0.465476036072, 0.00381538533698, -2.62922623365e-06, 0.146507352622, 3.43201626271e-06, -1.56600843404e-10, 9.76738214703e-07
1515575452899941921, 0.467123031616, 0.00610972157333, -2.98319513314e-06, 0.145369714331, 5.48259083714e-06, -3.19021919992e-10, 1.53408775415e-06
1515575452905652046, 0.472836971283, 0.00543032105914, -2.81300246412e-06, 0.145355999431, 4.95048669229e-06, -2.78032263878e-10, 1.3870512318e-06
1515575452913229942, 0.480441093445, 0.00593314322332, -2.85779833502e-06, 0.144895106704, 5.47659519069e-06, -3.19844706276e-10, 1.52360805863e-06
1515575452922158956, 0.489344120026, 0.00527255652113, -2.69283878354e-06, 0.144881701524, 4.94430589656e-06, -2.78943868004e-10, 1.3772924176e-06
1515575452931236982, 0.498429059982, 0.00462848622134, -2.53206685545e-06, 0.144867326253, 4.41607350929e-06, -2.3832791296e-10, 1.23108692447e-06
1515575452941256999, 0.508445978165, 0.00399237766785, -2.37333415134e-06, 0.144851847033, 3.88384478135e-06, -1.97369232069e-10, 1.08265036528e-06
1515575452945107936, 0.512304067612, 0.00510945982288, -2.54194710229e-06, 0.144183088048, 4.99304725979e-06, -2.84763546077e-10, 1.37951904971e-06
1515575452952439069, 0.519696950912, 0.0044596436532, -2.38093035178e-06, 0.144169892336, 4.4314476483e-06, -2.41724196215e-10, 1.22478209923e-06
1515575452968990087, 0.536174058914, 0.00379522318285, -2.21659734115e-06, 0.14415527871, 3.8430868918e-06, -1.96561544819e-10, 1.06117817567e-06
1515575452970772027, 0.537961006165, 0.0031287786872, -2.05195921364e-06, 0.144139759694, 3.24082732534e-06, -1.50291779022e-10, 8.92444319529e-07
1515575452976211071, 0.543389081955, 0.00248272198248, -1.89237225818e-06, 0.144124145865, 2.64778858771e-06, -1.04666497691e-10, 7.25334055539e-07
1515575452983112096, 0.550298929214, 0.00186928424303, -1.74073245595e-06, 0.144108913423, 2.07677753641e-06, -6.07192074398e-11, 5.63601938789e-07
