time, local_time, values[0], values[1], values[2], values[3], values[4], values[5], values[6], values[7], values[8], values[9], values[10], values[11], values[12]
1515575878325213909, 0.0204749107361, 0.2, -5.88417111417e-17, 5.75124831309e-20, -4.49485293025e-16, -7.07776567244e-20, -1.93782937702e-16, -4.98807365307e-20, 5.41052110653e-05, 0.360047893247, 0.278360862299, 5.32567480094e-05, -0.638408756453, -3.27035150366e-05
1515575878334996938, 0.0302610397339, 0.2, 7.99247366684e-06, -1.06691089713e-06, -2.24660536913e-08, 2.00415792423e-10, 3.88749331662e-11, -9.29315247125e-10, 5.07044575853e-05, 0.360026239754, 0.278375798289, 5.32557583945e-05, -0.638402038623, -3.61042412478e-05
1515575878343278884, 0.0385448932648, 0.2, 1.17969615949e-05, -1.5747690219e-06, -3.15716269939e-08, 2.98221673347e-10, 5.78388541901e-11, -1.38265627745e-09, 4.90857148005e-05, 0.360015931442, 0.27838290859, 5.32552848086e-05, -0.638398840455, -3.77229812079e-05
1515575878361063003, 0.0563230514526, 0.2, 1.91016200322e-05, -2.54986947371e-06, -8.61779682926e-06, 4.89876679921e-10, 9.49949077354e-11, -2.27088768253e-09, 4.59777654346e-05, 0.360002294114, 0.278393424964, 5.3256029139e-05, -0.638395719201, -4.08326055015e-05
1515575878366283893, 0.0615508556366, 0.2, 2.25780419597e-05, -3.0144411671e-06, -8.05480466863e-05, 5.81175065894e-10, 1.12973474941e-10, -2.70126071354e-09, 4.44970652929e-05, 0.360044534642, 0.278373602623, 5.32695062747e-05, -0.638418137244, -4.23272825e-05
1515575878375638961, 0.0709018707275, 0.2, 2.57490050709e-05, -3.44718168631e-06, -0.000359949282252, 6.42440809501e-10, 1.29824682509e-10, -3.11340701728e-09, 4.31178046587e-05, 0.360236645238, 0.278277264623, 5.33232092202e-05, -0.638513909704, -4.37608627658e-05
1515575878380664110, 0.0759260654449, 0.2, 2.80533757862e-05, -3.82697221701e-06, -0.00103660618776, 5.25567669689e-10, 1.44676600136e-10, -3.53681541882e-09, 4.19070569225e-05, 0.360716625751, 0.278033749358, 5.34543036924e-05, -0.638750374829, -4.51035229147e-05
1515575878392116069, 0.0873799324036, 0.2, 2.82351762993e-05, -4.14183624401e-06, -0.00220980545297, -1.86772007416e-10, 1.57090913741e-10, -4.1054047096e-09, 4.09023034397e-05, 0.361559785404, 0.27760383312, 5.36833180376e-05, -0.639163618137, -4.63382809821e-05
1515575878407157897, 0.102448940277, 0.2, 1.57539245115e-05, -4.60797723065e-06, -0.00572826207923, -5.78877589416e-09, 1.76276773438e-10, -6.541400919e-09, 3.94073351957e-05, 0.364130624812, 0.276284611104, 5.43818955512e-05, -0.640415235353, -4.85336149012e-05
1515575878455871105, 0.151136875153, 0.2, -9.35135993666e-05, -5.11518281321e-06, -0.0151812884637, -4.64693044071e-08, 2.03558626867e-10, -2.10950613229e-08, 3.77231616668e-05, 0.37133699874, 0.272534183832, 5.63579635017e-05, -0.64387118176, -5.21924652071e-05
1515575878479976892, 0.1752409935, 0.2, -0.000434615356226, -5.13600263948e-06, -0.0292597091288, -1.74649039899e-07, 2.27626633415e-10, -6.40949816106e-08, 3.74449751574e-05, 0.383054520322, 0.266306273971, 5.96537638327e-05, -0.649360793307, -5.5748815298e-05
1515575878488429069, 0.183693885803, 0.2, -0.000531677056495, -5.08111335224e-06, -0.0321548090078, -2.12373061549e-07, 2.32119898047e-10, -7.64424174489e-08, 3.75520155783e-05, 0.385653870594, 0.264906225488, 6.04012940142e-05, -0.650560095074, -5.63830457172e-05
1515575878496710062, 0.191977024078, 0.2, -0.000639271983663, -5.01135312265e-06, -0.0350366848059, -2.54855687044e-07, 2.36732210831e-10, -9.02316101819e-08, 3.77035989995e-05, 0.38832401039, 0.263461318146, 6.11755253285e-05, -0.651785327508, -5.69983054713e-05
1515575878501199007, 0.196464061737, 0.2, -0.000639271983663, -5.01135312265e-06, -0.0350366848059, -2.54855687044e-07, 2.36732210831e-10, -9.02316101819e-08, 3.77010322673e-05, 0.388324010391, 0.263461318146, 6.11755249052e-05, -0.651785327508, -5.70008719308e-05
1515575878510222911, 0.205487012863, 0.2, -0.000882258659089, -4.8333343605e-06, -0.0407076863292, -3.53545242312e-07, 2.46405401454e-10, -1.21862308933e-07, 3.81113070941e-05, 0.393845290629, 0.260454576541, 6.27992971015e-05, -0.65429986611, -5.81962447388e-05
1515575878525631904, 0.220889091492, 0.2, -0.00101348142607, -4.72779399472e-06, -0.0434738574123, -4.08655444555e-07, 2.51404811611e-10, -1.39312216466e-07, 3.83543381039e-05, 0.396675949177, 0.258905212687, 6.36458699775e-05, -0.65558116079, -5.8789265299e-05
1515575878533351898, 0.228618860245, 0.2, -0.00128376722572, -4.49094923283e-06, -0.048820922944, -5.27087215629e-07, 2.61508927502e-10, -1.76366584189e-07, 3.89234912004e-05, 0.40242653751, 0.255746168872, 6.54012153258e-05, -0.658172705285, -5.99522008513e-05
1515575878544132947, 0.239400863647, 0.2, -0.00141732173267, -4.36325078822e-06, -0.0513872966438, -5.88638182613e-07, 2.66488315785e-10, -1.95409767339e-07, 3.92283372675e-05, 0.405325041075, 0.254150170066, 6.63069516922e-05, -0.659475210034, -6.05407627356e-05
1515575878555089950, 0.250355005264, 0.2, -0.00154649338021, -4.23161041771e-06, -0.053874711369, -6.50634369744e-07, 2.71340367178e-10, -2.14460195048e-07, 3.95513976711e-05, 0.408226286361, 0.252551329694, 6.72296059691e-05, -0.660777614938, -6.1127825265e-05
1515575878568151950, 0.263427972794, 0.2, -0.00179315619716, -3.96023259312e-06, -0.0585977242641, -7.76945158577e-07, 2.80844852453e-10, -2.52922681499e-07, 4.02310543354e-05, 0.414033014866, 0.249346398484, 6.9125621737e-05, -0.663379412215, -6.2318281709e-05
1515575878572551012, 0.267817974091, 0.2, -0.00179315619716, -3.96023259312e-06, -0.0585977242641, -7.76945158577e-07, 2.80844852453e-10, -2.52922681499e-07, 4.02183152895e-05, 0.414033014867, 0.249346398485, 6.91256195733e-05, -0.663379412215, -6.23310193049e-05
1515575878580106019, 0.275372982025, 0.2, -0.00202864127957, -3.68320242197e-06, -0.062969679756, -9.08654868665e-07, 2.90432879525e-10, -2.92601083061e-07, 4.09218459838e-05, 0.419846795628, 0.246128879752, 7.10905809606e-05, -0.665975674225, -6.35648798644e-05
1515575878605209112, 0.300477981567, 0.2, -0.00224855987312, -3.40733536047e-06, -0.0669829111186, -1.0444331026e-06, 3.00088556396e-10, -3.3313024881e-07, 4.16101321129e-05, 0.425644397677, 0.24291266153, 7.31222109787e-05, -0.668557058031, -6.48793460984e-05
1515575878616471052, 0.31175994873, 0.2, -0.00244995679584, -3.13784654973e-06, -0.0706403680617, -1.18314884575e-06, 3.09793434953e-10, -3.74213679171e-07, 4.22813985785e-05, 0.431408891356, 0.239707563385, 7.52191797521e-05, -0.671116453539, -6.62751913151e-05
1515575878633827924, 0.329129934311, 0.2, -0.00263257647467, -2.87821562923e-06, -0.0739530193048, -1.32449669155e-06, 3.19589012469e-10, -4.15787550329e-07, 4.29251169248e-05, 0.437132768669, 0.236517159238, 7.73816734113e-05, -0.673649926674, -6.77632563109e-05
1515575878651631116, 0.346894025803, 0.2, -0.0027159484943, -2.75316874492e-06, -0.0754850297652, -1.39556779538e-06, 3.244828582e-10, -4.36592871169e-07, 4.32247745125e-05, 0.439975106434, 0.234929956769, 7.84871367931e-05, -0.674905061953, -6.85535542619e-05
1515575878662055969, 0.357320070267, 0.2, -0.00293993576688, -2.39806032483e-06, -0.0796138390008, -1.61261694418e-06, 3.39423496497e-10, -4.99798247584e-07, 4.41123030377e-05, 0.448433021514, 0.230192086577, 8.19048536075e-05, -0.678625106781, -7.10361120698e-05
1515575878685003995, 0.380267858505, 0.2, -0.0030711647726, -2.17833351829e-06, -0.0820047851642, -1.76176182095e-06, 3.49763889178e-10, -5.42952726354e-07, 4.46298166657e-05, 0.454019968241, 0.227047808871, 8.42712204724e-05, -0.681067775753, -7.28520235518e-05
1515575878699143886, 0.394432067871, 0.2, -0.00318721904804, -1.97317236991e-06, -0.0841335161638, -1.91327105859e-06, 3.60322189884e-10, -5.8657716458e-07, 4.51137207973e-05, 0.459559669333, 0.223917466586, 8.67088890926e-05, -0.683477134505, -7.47722483686e-05
1515575878711894035, 0.40717792511, 0.2, -0.00329132514048, -1.78180604524e-06, -0.0860234171076, -2.06845396188e-06, 3.71240779027e-10, -6.31043976388e-07, 4.55548404087e-05, 0.465058827557, 0.220795483023, 8.92215066493e-05, -0.685854309105, -7.68093031818e-05
1515575878731303930, 0.426568984985, 0.2, -0.00338470286872, -1.60379779333e-06, -0.0876972245722, -2.22730556691e-06, 3.82531504459e-10, -6.76320130522e-07, 4.59539793952e-05, 0.47051859675, 0.217679984964, 9.18115524537e-05, -0.688198580171, -7.8964884098e-05
1515575878742470026, 0.437735080719, 0.2, -0.00346297278425, -1.44017348471e-06, -0.0891766706666, -2.38554105485e-06, 3.93799682161e-10, -7.21168322377e-07, 4.63123718143e-05, 0.475923475126, 0.214579730318, 9.44771920377e-05, -0.690503203827, -8.12370517237e-05
1515575878752089023, 0.447340965271, 0.2, -0.00349604001306, -1.36373044001e-06, -0.0898499515119, -2.46368719802e-06, 3.99359098492e-10, -7.4323040062e-07, 4.64650163545e-05, 0.47860335382, 0.213036142362, 9.58384833856e-05, -0.691639494524, -8.24284508156e-05
1515575878771086931, 0.466360092163, 0.2, -0.00352596276561, -1.29051474368e-06, -0.0904821770694, -2.54169899158e-06, 4.04919920709e-10, -7.65204472084e-07, 4.66208843465e-05, 0.481270527289, 0.211495194263, 9.72198050537e-05, -0.692765719852, -8.363672131e-05
1515575878779340982, 0.474605083466, 0.2, -0.00357860109764, -1.15283763486e-06, -0.0916325735224, -2.69860350682e-06, 4.16159280538e-10, -8.09251271182e-07, 4.69190127253e-05, 0.486572488353, 0.208416972141, 0.000100045476424, -0.694989458708, -8.61297632582e-05
1515575878787697076, 0.482966899872, 0.2, -0.00360080686364, -1.08837186846e-06, -0.0921550742153, -2.77672172362e-06, 4.21767566923e-10, -8.31102050298e-07, 4.70371685475e-05, 0.48920521367, 0.20688068185, 0.000101489850684, -0.696085893687, -8.74388641489e-05
1515575878799894094, 0.495181083679, 0.2, -0.00363617929947, -9.68024869059e-07, -0.0931047690979, -2.93072937765e-06, 4.3281466046e-10, -8.74036349412e-07, 4.72883128131e-05, 0.494430358842, 0.203815270452, 0.00010444224684, -0.698245627365, -9.01065453268e-05
1515575878814089059, 0.509355068207, 0.2, -0.00365042671606, -9.11679682649e-07, -0.0935356773063, -3.00736730169e-06, 4.3832604058e-10, -8.95338316973e-07, 4.73846644179e-05, 0.497025611916, 0.202284066615, 0.000105951937274, -0.699309676551, -9.15032390812e-05
1515575878827347993, 0.522619009018, 0.2, -0.00367631465034, -8.05078673806e-07, -0.0943181337369, -3.16384250072e-06, 4.4968590416e-10, -9.38714859208e-07, 4.75940324092e-05, 0.502193666559, 0.199216498444, 0.000109044673742, -0.701410162918, -9.43525829888e-05
1515575878840724945, 0.53599190712, 0.2, -0.00369981725696, -7.0582632818e-07, -0.0950051742726, -3.32523956712e-06, 4.61553291573e-10, -9.83244344945e-07, 4.77645035844e-05, 0.50733397438, 0.196139976013, 0.000112239154247, -0.703473948197, -9.73413976027e-05
