time, local_time, values[0], values[1], values[2], values[3], values[4], values[5]
1515576158183386087, 0.00488615036011, -0.000240857691261, 1.89008958855e-05, 1.4333664194e-06, -1.63524511612e-08, -9.6951760075e-10, 4.96564166039e-08
1515576158183986902, 0.00548505783081, -0.000231495123793, 1.81662408468e-05, 1.2457002296e-06, -1.59842777402e-08, -9.47352569628e-10, 4.8521574975e-08
1515576158184537887, 0.00602912902832, -0.000222143067124, 1.74323758612e-05, 1.0824714257e-06, -1.56168114722e-08, -9.25269431657e-10, 4.7390698576e-08
1515576158184752941, 0.00624299049377, -0.000192952931255, 1.51417195442e-05, 9.40232060362e-07, -1.35647247039e-08, -8.03700660955e-10, 4.11634462529e-08
1515576158186388969, 0.0079391002655, -0.000207112254483, 1.62528384287e-05, 8.17146003589e-07, -1.51444575054e-08, -8.96734802082e-10, 4.59289855445e-08
1515576158191751956, 0.0132880210876, -0.000199051183318, 1.5620237926e-05, 7.0990790066e-07, -1.48110803263e-08, -8.76789661044e-10, 4.49067317794e-08
1515576158198781013, 0.0203051567078, -0.000191711266974, 1.50442241586e-05, 6.16716650567e-07, -1.45073355895e-08, -8.58621388819e-10, 4.39757470314e-08
1515576158200973987, 0.0224771499634, -0.000166520683062, 1.30684716234e-05, 5.41850546236e-07, -1.26007646692e-08, -7.45713759148e-10, 3.81974997654e-08
1515576158205965995, 0.0274980068207, -0.000181188966102, 1.42195629509e-05, 4.7203595397e-07, -1.41849706982e-08, -8.39101289428e-10, 4.29816247247e-08
1515576158208767890, 0.0302901268005, -0.000175317637054, 1.37587541492e-05, 4.10662025722e-07, -1.39200357209e-08, -8.23289409763e-10, 4.21718184508e-08
1515576158222012042, 0.0435149669647, -0.000169222170814, 1.32803624067e-05, 3.57323812623e-07, -1.35987129927e-08, -8.04184915179e-10, 4.11925063452e-08
1515576158225662946, 0.0471630096436, -0.000160750479707, 1.26158136922e-05, 0.000169842344091, -1.3034797335e-08, -7.70746390105e-10, 3.94819544252e-08
1515576158232664108, 0.0541641712189, -0.000147883482325, 1.16060993126e-05, 0.00151403010824, -1.20527446707e-08, -7.12818244535e-10, 3.65170383876e-08
1515576158261167049, 0.0826699733734, -0.000131088228641, 1.02883742668e-05, 0.00634091002215, -1.06925109883e-08, -6.33059833721e-10, 3.2439229995e-08
1515576158267744064, 0.0892741680145, -0.000113187948418, 8.89820303007e-06, 0.0167978324687, -9.10126746626e-09, -5.47339971957e-10, 2.81198740557e-08
1515576158277939081, 0.0994420051575, -9.71917822894e-05, 7.6565152335e-06, 0.0322591456336, -7.66555588146e-09, -4.70780414652e-10, 2.42714528209e-08
1515576158282803058, 0.104305028915, -8.44205472155e-05, 6.6504306283e-06, 0.0280202159366, -6.65828331321e-09, -4.08928016449e-10, 2.10821252628e-08
1515576158286952972, 0.108453035355, -7.26185480387e-05, 5.73932612664e-06, 0.0455583365503, -5.57021712597e-09, -3.53473555981e-10, 1.83172394854e-08
1515576158296508073, 0.118010997772, -6.08731033289e-05, 4.84251670394e-06, 0.0820580924362, -4.48343927163e-09, -3.02407043851e-10, 1.58033935112e-08
1515576158298994064, 0.120491981506, 0.000235776477823, 4.03376538223e-06, 0.0916291488699, 1.59296646272e-07, -2.64550270579e-10, 7.06047453226e-08
1515576158300751924, 0.122254133224, 0.000267726319073, 3.33266570679e-06, 0.100127266545, 1.73061169886e-07, -2.25012286581e-10, 7.31203887209e-08
1515576158310431003, 0.131962060928, 0.000286120169501, 2.71173179718e-06, 0.107670681064, 1.79625311914e-07, -1.9003565388e-10, 7.33931861818e-08
1515576158326961040, 0.148475170135, 0.000284286208442, 2.15179590359e-06, 0.114230114363, 1.75080774561e-07, -1.58366153524e-10, 6.99930253116e-08
1515576158337619066, 0.15912103653, 0.000246930313611, 1.86904472161e-06, 0.0992200012758, 1.52074737665e-07, -1.37577560455e-10, 6.07957726319e-08
1515576158339063882, 0.160564184189, 0.0032241011857, 8.41249228119e-07, 0.126438560985, 1.86748172856e-06, -1.80757464552e-10, 6.27807219481e-07
1515576158348525047, 0.170058012009, 0.0028004464982, 7.30707046496e-07, 0.109824228507, 1.62209011628e-06, -1.57023449798e-10, 5.45311833618e-07
1515576158349206924, 0.170699119568, 0.00340134540574, 3.7218065664e-08, 0.136360557899, 1.96645972854e-06, -1.42669209779e-10, 6.58307936462e-07
1515576158371546983, 0.193049192429, 0.00342469329257, -2.63254248922e-07, 0.138927980075, 1.97886961057e-06, -1.26779031717e-10, 6.61485209238e-07
1515576158385751008, 0.207257032394, 0.00338773278301, -5.24641803225e-07, 0.141146913912, 1.95735930239e-06, -1.11233633415e-10, 6.53466055402e-07
1515576158396275043, 0.217776060104, 0.00586609742896, -1.02365070796e-06, 0.142098065321, 3.43457086861e-06, -1.64781854828e-10, 1.10223237072e-06
1515576158399570941, 0.221095085144, 0.00560726527212, -1.21958273454e-06, 0.143732735732, 3.29144233395e-06, -1.46214651497e-10, 1.05566224293e-06
1515576158402524948, 0.22402715683, 0.00525538234029, -1.38432589479e-06, 0.145138849122, 3.09609639542e-06, -1.26473109763e-10, 9.9241781805e-07
1515576158404414892, 0.225926160812, 0.00489635207767, -1.52378519391e-06, 0.146353874096, 2.89646079712e-06, -1.07862996312e-10, 9.27870394213e-07
1515576158408854961, 0.230381011963, 0.00458747460778, -1.64423655321e-06, 0.147409273234, 2.72464500878e-06, -9.17968479008e-11, 8.72314571054e-07
1515576158410979986, 0.232481002808, 0.00433017725967, -1.74900714874e-06, 0.148327231036, 2.58144463586e-06, -7.816242098e-11, 8.25991903123e-07
1515576158417643070, 0.239145040512, 0.00408106595364, -1.83634516422e-06, 0.149121703928, 2.44199445833e-06, -6.56417142864e-11, 7.80886684049e-07
1515576158422255992, 0.243753194809, 0.00494803326972, -2.02375325969e-06, 0.1493664724, 2.9905398127e-06, -8.47071857102e-11, 9.43574064404e-07
1515576158431361913, 0.252865076065, 0.00451746151773, -2.05619969104e-06, 0.149937397912, 2.74540505248e-06, -6.89551193922e-11, 8.6570451311e-07
1515576158442464113, 0.26398897171, 0.00396814972426, -2.05955731005e-06, 0.15041374989, 2.43022640911e-06, -5.06877873008e-11, 7.65562144355e-07
1515576158456631898, 0.278145074844, 0.00337385064127, -2.04539619913e-06, 0.150814432636, 2.08757742999e-06, -3.17417758744e-11, 6.56622295284e-07
1515576158456882953, 0.278373003006, 0.00280612522688, -2.02482041361e-06, 0.151156677524, 1.75865572661e-06, -1.39013245359e-11, 5.51914450381e-07
1515576158465625047, 0.287140130997, 0.00651996536873, -2.46005611813e-06, 0.149857112326, 4.18046613805e-06, -1.1832107516e-10, 1.26234843999e-06
1515576158472487926, 0.294001102448, 0.00595549442133, -2.42006840561e-06, 0.150104687875, 3.85381918814e-06, -1.01615105219e-10, 1.16402741356e-06
1515576158479512929, 0.301014184952, 0.0053015127799, -2.3568201481e-06, 0.150303684973, 3.46782736219e-06, -8.27092838662e-11, 1.04718169916e-06
1515576158485606908, 0.307120084763, 0.00460488118844, -2.04712828491e-06, 0.130553417529, 3.01214646609e-06, -7.18494153062e-11, 9.09579493161e-07
1515576158495162963, 0.31667304039, 0.00381534114533, -2.2099935338e-06, 0.153201198146, 2.57685535978e-06, -3.92675891803e-11, 7.75673107261e-07
1515576158503813982, 0.325314044952, 0.00312387783716, -2.11792306924e-06, 0.152961918484, 2.15441426453e-06, -1.97920568823e-11, 6.46556967596e-07
1515576158512733936, 0.33423614502, 0.0060737408813, -2.44395301967e-06, 0.151410324472, 4.23911558625e-06, -1.10166209488e-10, 1.24641524602e-06
1515576158519777059, 0.341279029846, 0.00527563665108, -2.12281168658e-06, 0.131514641923, 3.68208555354e-06, -9.57032231241e-11, 1.08263327048e-06
1515576158528197050, 0.349716186523, 0.00661821331026, -2.30720642635e-06, 0.133280760219, 4.71282371968e-06, -1.38178635201e-10, 1.37059397902e-06
1515576158536072015, 0.357581138611, 0.00628195199147, -2.28727046239e-06, 0.135394332309, 4.527145286e-06, -1.28515420528e-10, 1.31931702637e-06
1515576158543416976, 0.364919185638, 0.00634555530189, -2.52016327164e-06, 0.156843141443, 4.67574984334e-06, -1.23397514429e-10, 1.36679615558e-06
1515576158554635047, 0.376135110855, 0.00569209756483, -2.4065761851e-06, 0.15583267009, 4.24666707646e-06, -1.0522382965e-10, 1.24184424819e-06
1515576158558973073, 0.380475997925, 0.00591439807598, -2.38786508074e-06, 0.15453623222, 4.46815845901e-06, -1.15100484699e-10, 1.29553890535e-06
1515576158568217992, 0.389726161957, 0.00501456286676, -2.22721274627e-06, 0.153747354482, 3.85471662321e-06, -8.92768081684e-11, 1.11658921625e-06
1515576158577991962, 0.399495124817, 0.00435563718736, -1.9345516089e-06, 0.133544580541, 3.34819754322e-06, -7.7560069478e-11, 9.69866694773e-07
1515576158584476947, 0.405981063843, 0.00333247099999, -1.94881091577e-06, 0.155015971953, 2.6966100247e-06, -3.92512689018e-11, 7.76495043274e-07
1515576158591491937, 0.413001060486, 0.0026138931926, -1.8169645431e-06, 0.154151969889, 2.19014574457e-06, -1.80762071977e-11, 6.27098267835e-07
1515576158599555969, 0.421061038971, 0.00522366321558, -2.11171872156e-06, 0.152166090754, 4.2912157891e-06, -1.08984710145e-10, 1.22277831963e-06
1515576158609797954, 0.431303977966, 0.00453726124501, -1.83423377816e-06, 0.132171098689, 3.72733966382e-06, -9.46790978951e-11, 1.06210229334e-06
1515576158620784997, 0.442289113998, 0.00401573136144, -1.91315940617e-06, 0.153501584113, 3.44913042914e-06, -7.30676630312e-11, 9.8490797192e-07
1515576158624190092, 0.445691108704, 0.00344647653973, -1.80689914772e-06, 0.152675086813, 3.03504465062e-06, -5.60964608098e-11, 8.66559394698e-07
1515576158633989095, 0.455491065979, 0.00284115163122, -1.69370324335e-06, 0.151950078439, 2.58135836194e-06, -3.74040798334e-11, 7.35344424195e-07
1515576158639492988, 0.460997104645, 0.00584486869563, -2.06735067508e-06, 0.149940488743, 5.15899944711e-06, -1.47178269572e-10, 1.45248146076e-06
1515576158649993896, 0.471521139145, 0.00513720969915, -1.93679203671e-06, 0.149393335765, 4.61310067772e-06, -1.24925958467e-10, 1.30024334526e-06
1515576158655597925, 0.477123022079, 0.00446216792958, -1.68229288244e-06, 0.129762690407, 4.00692810018e-06, -1.08517417274e-10, 1.12938822739e-06
1515576158663605928, 0.485109090805, 0.00369112499237, -1.68720730687e-06, 0.151007182728, 3.46960799098e-06, -7.69874164419e-11, 9.76948114675e-07
1515576158671312093, 0.4928150177, 0.00300774479258, -1.55902831438e-06, 0.150307007033, 2.91090514192e-06, -5.41823252931e-11, 8.17545959546e-07
1515576158679539918, 0.501101970673, 0.00528557576003, -1.857105166e-06, 0.148604094053, 5.01226319734e-06, -1.4219525557e-10, 1.38957384229e-06
1515576158687733888, 0.509243965149, 0.00461467057896, -1.73322139921e-06, 0.148080434044, 4.45082309755e-06, -1.19499410367e-10, 1.23410358093e-06
1515576158696047067, 0.517549037933, 0.00400829171261, -1.50547191868e-06, 0.128622307144, 3.86597418622e-06, -1.03800468221e-10, 1.07193938794e-06
1515576158703677892, 0.52517914772, 0.00311039778088, -1.47109345841e-06, 0.149711739321, 3.14254764615e-06, -6.5240035596e-11, 8.65434773873e-07
1515576158710952997, 0.532461166382, 0.00270168399556, -1.27778822278e-06, 0.130039254966, 2.72960929084e-06, -5.66802160762e-11, 7.51714553088e-07
1515576158719263076, 0.540772199631, 0.00426655894844, -1.6150480836e-06, 0.149984587381, 4.36522480286e-06, -1.15884191132e-10, 1.19548452667e-06
